  [1m[35m (27.8ms)[0m  [1m[35mCREATE TABLE "schema_migrations" ("version" character varying NOT NULL PRIMARY KEY)[0m
  [1m[35m (23.6ms)[0m  [1m[35mCREATE TABLE "ar_internal_metadata" ("key" character varying NOT NULL PRIMARY KEY, "value" character varying, "created_at" timestamp NOT NULL, "updated_at" timestamp NOT NULL)[0m
  [1m[35m (1.0ms)[0m  [1m[34mSELECT pg_try_advisory_lock(5981651656565529105)[0m
  [1m[35m (0.6ms)[0m  [1m[34mSELECT "schema_migrations"."version" FROM "schema_migrations" ORDER BY "schema_migrations"."version" ASC[0m
Migrating to CreateItems (20180102104251)
  [1m[35m (0.2ms)[0m  [1m[35mBEGIN[0m
  [1m[35m (18.3ms)[0m  [1m[35mCREATE TABLE "items" ("id" bigserial primary key, "part_number" text, "image" text, "list_price" decimal, "created_at" timestamp NOT NULL, "updated_at" timestamp NOT NULL)[0m
  [1m[35mSQL (0.6ms)[0m  [1m[32mINSERT INTO "schema_migrations" ("version") VALUES ($1) RETURNING "version"[0m  [["version", "20180102104251"]]
  [1m[35m (0.5ms)[0m  [1m[35mCOMMIT[0m
Migrating to CreateSalesOrders (20180102104331)
  [1m[35m (0.2ms)[0m  [1m[35mBEGIN[0m
  [1m[35m (3.9ms)[0m  [1m[35mCREATE TABLE "sales_orders" ("id" bigserial primary key, "quote_date" date, "sale_date" date, "customer_PO_number" text, "created_at" timestamp NOT NULL, "updated_at" timestamp NOT NULL)[0m
  [1m[35mSQL (0.4ms)[0m  [1m[32mINSERT INTO "schema_migrations" ("version") VALUES ($1) RETURNING "version"[0m  [["version", "20180102104331"]]
  [1m[35m (0.5ms)[0m  [1m[35mCOMMIT[0m
Migrating to CreateSalesOrderDetails (20180102104343)
  [1m[35m (0.4ms)[0m  [1m[35mBEGIN[0m
  [1m[35m (3.9ms)[0m  [1m[35mCREATE TABLE "sales_order_details" ("id" bigserial primary key, "item_id" integer, "sales_order_id" integer, "quantity" integer, "unit_price" decimal, "despatch_date" date)[0m
  [1m[35mSQL (0.3ms)[0m  [1m[32mINSERT INTO "schema_migrations" ("version") VALUES ($1) RETURNING "version"[0m  [["version", "20180102104343"]]
  [1m[35m (0.4ms)[0m  [1m[35mCOMMIT[0m
  [1m[36mActiveRecord::InternalMetadata Load (0.4ms)[0m  [1m[34mSELECT  "ar_internal_metadata".* FROM "ar_internal_metadata" WHERE "ar_internal_metadata"."key" = $1 LIMIT $2[0m  [["key", "environment"], ["LIMIT", 1]]
  [1m[35m (0.2ms)[0m  [1m[35mBEGIN[0m
  [1m[35mSQL (0.6ms)[0m  [1m[32mINSERT INTO "ar_internal_metadata" ("key", "value", "created_at", "updated_at") VALUES ($1, $2, $3, $4) RETURNING "key"[0m  [["key", "environment"], ["value", "development"], ["created_at", "2018-01-02 10:46:14.346737"], ["updated_at", "2018-01-02 10:46:14.346737"]]
  [1m[35m (0.4ms)[0m  [1m[35mCOMMIT[0m
  [1m[35m (0.3ms)[0m  [1m[34mSELECT pg_advisory_unlock(5981651656565529105)[0m
  [1m[35m (1.1ms)[0m  [1m[34mSELECT "schema_migrations"."version" FROM "schema_migrations" ORDER BY "schema_migrations"."version" ASC[0m
  [1m[35m (0.7ms)[0m  [1m[34mSELECT "schema_migrations"."version" FROM "schema_migrations" ORDER BY "schema_migrations"."version" ASC[0m
  [1m[36mItem Load (0.6ms)[0m  [1m[34mSELECT  "items".* FROM "items" LIMIT $1[0m  [["LIMIT", 11]]
  [1m[35m (0.8ms)[0m  [1m[34mSELECT "schema_migrations"."version" FROM "schema_migrations" ORDER BY "schema_migrations"."version" ASC[0m
  [1m[36mItem Load (0.5ms)[0m  [1m[34mSELECT "items".* FROM "items"[0m
  [1m[35m (0.2ms)[0m  [1m[35mBEGIN[0m
  [1m[35mSQL (0.8ms)[0m  [1m[32mINSERT INTO "items" ("part_number", "created_at", "updated_at") VALUES ($1, $2, $3) RETURNING "id"[0m  [["part_number", "AM285"], ["created_at", "2018-01-02 11:01:36.472853"], ["updated_at", "2018-01-02 11:01:36.472853"]]
  [1m[35m (0.5ms)[0m  [1m[35mCOMMIT[0m
  [1m[36mItem Load (0.4ms)[0m  [1m[34mSELECT  "items".* FROM "items" LIMIT $1[0m  [["LIMIT", 11]]
  [1m[36mSalesOrder Load (0.5ms)[0m  [1m[34mSELECT  "sales_orders".* FROM "sales_orders" LIMIT $1[0m  [["LIMIT", 11]]
  [1m[35m (0.8ms)[0m  [1m[34mSELECT "schema_migrations"."version" FROM "schema_migrations" ORDER BY "schema_migrations"."version" ASC[0m
  [1m[36mItem Load (0.5ms)[0m  [1m[34mSELECT "items".* FROM "items"[0m
  [1m[35m (0.1ms)[0m  [1m[35mBEGIN[0m
  [1m[35mSQL (0.4ms)[0m  [1m[31mDELETE FROM "items" WHERE "items"."id" = $1[0m  [["id", 1]]
  [1m[35m (6.0ms)[0m  [1m[35mCOMMIT[0m
  [1m[35m (0.2ms)[0m  [1m[35mBEGIN[0m
  [1m[35mSQL (6.3ms)[0m  [1m[32mINSERT INTO "items" ("part_number", "list_price", "created_at", "updated_at") VALUES ($1, $2, $3, $4) RETURNING "id"[0m  [["part_number", "AM285"], ["list_price", "10.25"], ["created_at", "2018-01-02 11:17:52.244298"], ["updated_at", "2018-01-02 11:17:52.244298"]]
  [1m[35m (6.5ms)[0m  [1m[35mCOMMIT[0m
  [1m[35m (0.2ms)[0m  [1m[35mBEGIN[0m
  [1m[35mSQL (0.4ms)[0m  [1m[32mINSERT INTO "items" ("part_number", "list_price", "created_at", "updated_at") VALUES ($1, $2, $3, $4) RETURNING "id"[0m  [["part_number", "SBS40"], ["list_price", "20.99"], ["created_at", "2018-01-02 11:17:52.260550"], ["updated_at", "2018-01-02 11:17:52.260550"]]
  [1m[35m (6.6ms)[0m  [1m[35mCOMMIT[0m
  [1m[35m (0.2ms)[0m  [1m[35mBEGIN[0m
  [1m[35mSQL (0.4ms)[0m  [1m[32mINSERT INTO "items" ("part_number", "list_price", "created_at", "updated_at") VALUES ($1, $2, $3, $4) RETURNING "id"[0m  [["part_number", "PS1270"], ["list_price", "7.55"], ["created_at", "2018-01-02 11:17:52.269543"], ["updated_at", "2018-01-02 11:17:52.269543"]]
  [1m[35m (0.5ms)[0m  [1m[35mCOMMIT[0m
  [1m[36mSalesOrder Load (0.6ms)[0m  [1m[34mSELECT "sales_orders".* FROM "sales_orders"[0m
  [1m[35m (0.1ms)[0m  [1m[35mBEGIN[0m
  [1m[35mSQL (0.7ms)[0m  [1m[32mINSERT INTO "sales_orders" ("customer_PO_number", "created_at", "updated_at") VALUES ($1, $2, $3) RETURNING "id"[0m  [["customer_PO_number", "ABC123"], ["created_at", "2018-01-02 11:17:52.285361"], ["updated_at", "2018-01-02 11:17:52.285361"]]
  [1m[35m (0.4ms)[0m  [1m[35mCOMMIT[0m
  [1m[35m (0.1ms)[0m  [1m[35mBEGIN[0m
  [1m[35mSQL (0.3ms)[0m  [1m[32mINSERT INTO "sales_orders" ("customer_PO_number", "created_at", "updated_at") VALUES ($1, $2, $3) RETURNING "id"[0m  [["customer_PO_number", "456XYZ"], ["created_at", "2018-01-02 11:17:52.287762"], ["updated_at", "2018-01-02 11:17:52.287762"]]
  [1m[35m (0.4ms)[0m  [1m[35mCOMMIT[0m
  [1m[35m (0.1ms)[0m  [1m[35mBEGIN[0m
  [1m[35mSQL (0.3ms)[0m  [1m[32mINSERT INTO "sales_orders" ("customer_PO_number", "created_at", "updated_at") VALUES ($1, $2, $3) RETURNING "id"[0m  [["customer_PO_number", "PO-101"], ["created_at", "2018-01-02 11:17:52.289634"], ["updated_at", "2018-01-02 11:17:52.289634"]]
  [1m[35m (0.4ms)[0m  [1m[35mCOMMIT[0m
  [1m[36mItem Load (0.5ms)[0m  [1m[34mSELECT  "items".* FROM "items" LIMIT $1[0m  [["LIMIT", 11]]
  [1m[36mSalesOrder Load (0.5ms)[0m  [1m[34mSELECT  "sales_orders".* FROM "sales_orders" LIMIT $1[0m  [["LIMIT", 11]]
  [1m[36mItem Load (0.7ms)[0m  [1m[34mSELECT "items".* FROM "items"[0m
  [1m[36mSalesOrder Load (0.7ms)[0m  [1m[34mSELECT "sales_orders".* FROM "sales_orders"[0m
  [1m[35m (0.7ms)[0m  [1m[34mSELECT "schema_migrations"."version" FROM "schema_migrations" ORDER BY "schema_migrations"."version" ASC[0m
  [1m[36mItem Load (0.6ms)[0m  [1m[34mSELECT "items".* FROM "items"[0m
  [1m[35m (0.1ms)[0m  [1m[35mBEGIN[0m
  [1m[35mSQL (0.4ms)[0m  [1m[31mDELETE FROM "items" WHERE "items"."id" = $1[0m  [["id", 2]]
  [1m[35m (5.9ms)[0m  [1m[35mCOMMIT[0m
  [1m[35m (0.2ms)[0m  [1m[35mBEGIN[0m
  [1m[35mSQL (0.4ms)[0m  [1m[31mDELETE FROM "items" WHERE "items"."id" = $1[0m  [["id", 3]]
  [1m[35m (0.3ms)[0m  [1m[35mCOMMIT[0m
  [1m[35m (0.1ms)[0m  [1m[35mBEGIN[0m
  [1m[35mSQL (0.3ms)[0m  [1m[31mDELETE FROM "items" WHERE "items"."id" = $1[0m  [["id", 4]]
  [1m[35m (0.4ms)[0m  [1m[35mCOMMIT[0m
  [1m[35m (0.1ms)[0m  [1m[35mBEGIN[0m
  [1m[35mSQL (0.5ms)[0m  [1m[32mINSERT INTO "items" ("part_number", "list_price", "created_at", "updated_at") VALUES ($1, $2, $3, $4) RETURNING "id"[0m  [["part_number", "AM285"], ["list_price", "10.25"], ["created_at", "2018-01-02 11:30:31.378280"], ["updated_at", "2018-01-02 11:30:31.378280"]]
  [1m[35m (0.4ms)[0m  [1m[35mCOMMIT[0m
  [1m[35m (0.1ms)[0m  [1m[35mBEGIN[0m
  [1m[35mSQL (0.3ms)[0m  [1m[32mINSERT INTO "items" ("part_number", "list_price", "created_at", "updated_at") VALUES ($1, $2, $3, $4) RETURNING "id"[0m  [["part_number", "SBS40"], ["list_price", "20.99"], ["created_at", "2018-01-02 11:30:31.380858"], ["updated_at", "2018-01-02 11:30:31.380858"]]
  [1m[35m (0.4ms)[0m  [1m[35mCOMMIT[0m
  [1m[35m (0.1ms)[0m  [1m[35mBEGIN[0m
  [1m[35mSQL (0.3ms)[0m  [1m[32mINSERT INTO "items" ("part_number", "list_price", "created_at", "updated_at") VALUES ($1, $2, $3, $4) RETURNING "id"[0m  [["part_number", "PS1270"], ["list_price", "7.55"], ["created_at", "2018-01-02 11:30:31.382808"], ["updated_at", "2018-01-02 11:30:31.382808"]]
  [1m[35m (0.4ms)[0m  [1m[35mCOMMIT[0m
  [1m[36mSalesOrder Load (0.5ms)[0m  [1m[34mSELECT "sales_orders".* FROM "sales_orders"[0m
  [1m[35m (0.1ms)[0m  [1m[35mBEGIN[0m
  [1m[35mSQL (0.3ms)[0m  [1m[31mDELETE FROM "sales_orders" WHERE "sales_orders"."id" = $1[0m  [["id", 1]]
  [1m[35m (0.4ms)[0m  [1m[35mCOMMIT[0m
  [1m[35m (0.1ms)[0m  [1m[35mBEGIN[0m
  [1m[35mSQL (0.3ms)[0m  [1m[31mDELETE FROM "sales_orders" WHERE "sales_orders"."id" = $1[0m  [["id", 2]]
  [1m[35m (0.4ms)[0m  [1m[35mCOMMIT[0m
  [1m[35m (0.1ms)[0m  [1m[35mBEGIN[0m
  [1m[35mSQL (0.3ms)[0m  [1m[31mDELETE FROM "sales_orders" WHERE "sales_orders"."id" = $1[0m  [["id", 3]]
  [1m[35m (0.4ms)[0m  [1m[35mCOMMIT[0m
  [1m[35m (0.1ms)[0m  [1m[35mBEGIN[0m
  [1m[35mSQL (0.4ms)[0m  [1m[32mINSERT INTO "sales_orders" ("customer_PO_number", "created_at", "updated_at") VALUES ($1, $2, $3) RETURNING "id"[0m  [["customer_PO_number", "ABC123"], ["created_at", "2018-01-02 11:30:31.405226"], ["updated_at", "2018-01-02 11:30:31.405226"]]
  [1m[35m (0.3ms)[0m  [1m[35mCOMMIT[0m
  [1m[35m (0.1ms)[0m  [1m[35mBEGIN[0m
  [1m[35mSQL (0.3ms)[0m  [1m[32mINSERT INTO "sales_orders" ("customer_PO_number", "created_at", "updated_at") VALUES ($1, $2, $3) RETURNING "id"[0m  [["customer_PO_number", "456XYZ"], ["created_at", "2018-01-02 11:30:31.407077"], ["updated_at", "2018-01-02 11:30:31.407077"]]
  [1m[35m (0.4ms)[0m  [1m[35mCOMMIT[0m
  [1m[35m (0.1ms)[0m  [1m[35mBEGIN[0m
  [1m[35mSQL (0.3ms)[0m  [1m[32mINSERT INTO "sales_orders" ("customer_PO_number", "created_at", "updated_at") VALUES ($1, $2, $3) RETURNING "id"[0m  [["customer_PO_number", "PO-101"], ["created_at", "2018-01-02 11:30:31.408718"], ["updated_at", "2018-01-02 11:30:31.408718"]]
  [1m[35m (0.4ms)[0m  [1m[35mCOMMIT[0m
  [1m[36mSalesOrderDetail Load (0.5ms)[0m  [1m[34mSELECT "sales_order_details".* FROM "sales_order_details"[0m
  [1m[35m (0.1ms)[0m  [1m[35mBEGIN[0m
  [1m[35m (0.2ms)[0m  [1m[31mROLLBACK[0m
  [1m[35m (0.1ms)[0m  [1m[35mBEGIN[0m
  [1m[35m (0.1ms)[0m  [1m[31mROLLBACK[0m
  [1m[35m (0.1ms)[0m  [1m[35mBEGIN[0m
  [1m[35m (0.1ms)[0m  [1m[31mROLLBACK[0m
  [1m[36mSalesOrderDetail Load (0.6ms)[0m  [1m[34mSELECT "sales_order_details".* FROM "sales_order_details"[0m
  [1m[35m (0.8ms)[0m  [1m[34mSELECT "schema_migrations"."version" FROM "schema_migrations" ORDER BY "schema_migrations"."version" ASC[0m
  [1m[36mItem Load (0.5ms)[0m  [1m[34mSELECT "items".* FROM "items"[0m
  [1m[35m (0.1ms)[0m  [1m[35mBEGIN[0m
  [1m[35mSQL (0.4ms)[0m  [1m[31mDELETE FROM "items" WHERE "items"."id" = $1[0m  [["id", 5]]
  [1m[35m (0.5ms)[0m  [1m[35mCOMMIT[0m
  [1m[35m (0.1ms)[0m  [1m[35mBEGIN[0m
  [1m[35mSQL (0.3ms)[0m  [1m[31mDELETE FROM "items" WHERE "items"."id" = $1[0m  [["id", 6]]
  [1m[35m (0.3ms)[0m  [1m[35mCOMMIT[0m
  [1m[35m (0.1ms)[0m  [1m[35mBEGIN[0m
  [1m[35mSQL (0.3ms)[0m  [1m[31mDELETE FROM "items" WHERE "items"."id" = $1[0m  [["id", 7]]
  [1m[35m (0.4ms)[0m  [1m[35mCOMMIT[0m
  [1m[35m (0.1ms)[0m  [1m[35mBEGIN[0m
  [1m[35mSQL (0.5ms)[0m  [1m[32mINSERT INTO "items" ("part_number", "list_price", "created_at", "updated_at") VALUES ($1, $2, $3, $4) RETURNING "id"[0m  [["part_number", "AM285"], ["list_price", "10.25"], ["created_at", "2018-01-02 11:32:31.049184"], ["updated_at", "2018-01-02 11:32:31.049184"]]
  [1m[35m (0.4ms)[0m  [1m[35mCOMMIT[0m
  [1m[35m (0.1ms)[0m  [1m[35mBEGIN[0m
  [1m[35mSQL (0.3ms)[0m  [1m[32mINSERT INTO "items" ("part_number", "list_price", "created_at", "updated_at") VALUES ($1, $2, $3, $4) RETURNING "id"[0m  [["part_number", "SBS40"], ["list_price", "20.99"], ["created_at", "2018-01-02 11:32:31.051766"], ["updated_at", "2018-01-02 11:32:31.051766"]]
  [1m[35m (0.4ms)[0m  [1m[35mCOMMIT[0m
  [1m[35m (0.1ms)[0m  [1m[35mBEGIN[0m
  [1m[35mSQL (0.3ms)[0m  [1m[32mINSERT INTO "items" ("part_number", "list_price", "created_at", "updated_at") VALUES ($1, $2, $3, $4) RETURNING "id"[0m  [["part_number", "PS1270"], ["list_price", "7.55"], ["created_at", "2018-01-02 11:32:31.053730"], ["updated_at", "2018-01-02 11:32:31.053730"]]
  [1m[35m (0.4ms)[0m  [1m[35mCOMMIT[0m
  [1m[36mSalesOrder Load (0.5ms)[0m  [1m[34mSELECT "sales_orders".* FROM "sales_orders"[0m
  [1m[35m (0.1ms)[0m  [1m[35mBEGIN[0m
  [1m[35mSQL (0.3ms)[0m  [1m[31mDELETE FROM "sales_orders" WHERE "sales_orders"."id" = $1[0m  [["id", 4]]
  [1m[35m (0.4ms)[0m  [1m[35mCOMMIT[0m
  [1m[35m (0.1ms)[0m  [1m[35mBEGIN[0m
  [1m[35mSQL (0.3ms)[0m  [1m[31mDELETE FROM "sales_orders" WHERE "sales_orders"."id" = $1[0m  [["id", 5]]
  [1m[35m (0.5ms)[0m  [1m[35mCOMMIT[0m
  [1m[35m (0.2ms)[0m  [1m[35mBEGIN[0m
  [1m[35mSQL (0.3ms)[0m  [1m[31mDELETE FROM "sales_orders" WHERE "sales_orders"."id" = $1[0m  [["id", 6]]
  [1m[35m (0.4ms)[0m  [1m[35mCOMMIT[0m
  [1m[35m (0.1ms)[0m  [1m[35mBEGIN[0m
  [1m[35mSQL (0.4ms)[0m  [1m[32mINSERT INTO "sales_orders" ("customer_PO_number", "created_at", "updated_at") VALUES ($1, $2, $3) RETURNING "id"[0m  [["customer_PO_number", "ABC123"], ["created_at", "2018-01-02 11:32:31.073221"], ["updated_at", "2018-01-02 11:32:31.073221"]]
  [1m[35m (0.4ms)[0m  [1m[35mCOMMIT[0m
  [1m[35m (0.1ms)[0m  [1m[35mBEGIN[0m
  [1m[35mSQL (0.3ms)[0m  [1m[32mINSERT INTO "sales_orders" ("customer_PO_number", "created_at", "updated_at") VALUES ($1, $2, $3) RETURNING "id"[0m  [["customer_PO_number", "456XYZ"], ["created_at", "2018-01-02 11:32:31.075195"], ["updated_at", "2018-01-02 11:32:31.075195"]]
  [1m[35m (0.4ms)[0m  [1m[35mCOMMIT[0m
  [1m[35m (0.1ms)[0m  [1m[35mBEGIN[0m
  [1m[35mSQL (0.3ms)[0m  [1m[32mINSERT INTO "sales_orders" ("customer_PO_number", "created_at", "updated_at") VALUES ($1, $2, $3) RETURNING "id"[0m  [["customer_PO_number", "PO-101"], ["created_at", "2018-01-02 11:32:31.076942"], ["updated_at", "2018-01-02 11:32:31.076942"]]
  [1m[35m (0.4ms)[0m  [1m[35mCOMMIT[0m
  [1m[36mSalesOrderDetail Load (0.5ms)[0m  [1m[34mSELECT "sales_order_details".* FROM "sales_order_details"[0m
  [1m[35m (0.1ms)[0m  [1m[35mBEGIN[0m
  [1m[35m (0.1ms)[0m  [1m[31mROLLBACK[0m
  [1m[35m (0.1ms)[0m  [1m[35mBEGIN[0m
  [1m[35m (0.1ms)[0m  [1m[31mROLLBACK[0m
  [1m[35m (0.1ms)[0m  [1m[35mBEGIN[0m
  [1m[35m (0.1ms)[0m  [1m[31mROLLBACK[0m
  [1m[36mSalesOrderDetail Load (0.6ms)[0m  [1m[34mSELECT "sales_order_details".* FROM "sales_order_details"[0m
  [1m[36mSalesOrder Load (0.7ms)[0m  [1m[34mSELECT "sales_orders".* FROM "sales_orders"[0m
  [1m[35m (0.7ms)[0m  [1m[34mSELECT "schema_migrations"."version" FROM "schema_migrations" ORDER BY "schema_migrations"."version" ASC[0m
  [1m[36mItem Load (0.5ms)[0m  [1m[34mSELECT "items".* FROM "items"[0m
  [1m[35m (0.2ms)[0m  [1m[35mBEGIN[0m
  [1m[35mSQL (0.5ms)[0m  [1m[31mDELETE FROM "items" WHERE "items"."id" = $1[0m  [["id", 8]]
  [1m[35m (5.8ms)[0m  [1m[35mCOMMIT[0m
  [1m[35m (0.2ms)[0m  [1m[35mBEGIN[0m
  [1m[35mSQL (0.4ms)[0m  [1m[31mDELETE FROM "items" WHERE "items"."id" = $1[0m  [["id", 9]]
  [1m[35m (0.4ms)[0m  [1m[35mCOMMIT[0m
  [1m[35m (0.1ms)[0m  [1m[35mBEGIN[0m
  [1m[35mSQL (0.3ms)[0m  [1m[31mDELETE FROM "items" WHERE "items"."id" = $1[0m  [["id", 10]]
  [1m[35m (0.4ms)[0m  [1m[35mCOMMIT[0m
  [1m[35m (0.1ms)[0m  [1m[35mBEGIN[0m
  [1m[35mSQL (0.5ms)[0m  [1m[32mINSERT INTO "items" ("part_number", "list_price", "created_at", "updated_at") VALUES ($1, $2, $3, $4) RETURNING "id"[0m  [["part_number", "AM285"], ["list_price", "10.25"], ["created_at", "2018-01-02 11:40:12.374403"], ["updated_at", "2018-01-02 11:40:12.374403"]]
  [1m[35m (0.4ms)[0m  [1m[35mCOMMIT[0m
  [1m[35m (0.1ms)[0m  [1m[35mBEGIN[0m
  [1m[35mSQL (0.3ms)[0m  [1m[32mINSERT INTO "items" ("part_number", "list_price", "created_at", "updated_at") VALUES ($1, $2, $3, $4) RETURNING "id"[0m  [["part_number", "SBS40"], ["list_price", "20.99"], ["created_at", "2018-01-02 11:40:12.376889"], ["updated_at", "2018-01-02 11:40:12.376889"]]
  [1m[35m (0.4ms)[0m  [1m[35mCOMMIT[0m
  [1m[35m (0.1ms)[0m  [1m[35mBEGIN[0m
  [1m[35mSQL (0.3ms)[0m  [1m[32mINSERT INTO "items" ("part_number", "list_price", "created_at", "updated_at") VALUES ($1, $2, $3, $4) RETURNING "id"[0m  [["part_number", "PS1270"], ["list_price", "7.55"], ["created_at", "2018-01-02 11:40:12.378615"], ["updated_at", "2018-01-02 11:40:12.378615"]]
  [1m[35m (0.4ms)[0m  [1m[35mCOMMIT[0m
  [1m[36mSalesOrder Load (0.5ms)[0m  [1m[34mSELECT "sales_orders".* FROM "sales_orders"[0m
  [1m[35m (0.1ms)[0m  [1m[35mBEGIN[0m
  [1m[35mSQL (0.3ms)[0m  [1m[31mDELETE FROM "sales_orders" WHERE "sales_orders"."id" = $1[0m  [["id", 7]]
  [1m[35m (0.4ms)[0m  [1m[35mCOMMIT[0m
  [1m[35m (0.1ms)[0m  [1m[35mBEGIN[0m
  [1m[35mSQL (0.3ms)[0m  [1m[31mDELETE FROM "sales_orders" WHERE "sales_orders"."id" = $1[0m  [["id", 8]]
  [1m[35m (0.3ms)[0m  [1m[35mCOMMIT[0m
  [1m[35m (0.1ms)[0m  [1m[35mBEGIN[0m
  [1m[35mSQL (0.3ms)[0m  [1m[31mDELETE FROM "sales_orders" WHERE "sales_orders"."id" = $1[0m  [["id", 9]]
  [1m[35m (0.4ms)[0m  [1m[35mCOMMIT[0m
  [1m[35m (0.1ms)[0m  [1m[35mBEGIN[0m
  [1m[35mSQL (0.4ms)[0m  [1m[32mINSERT INTO "sales_orders" ("customer_PO_number", "created_at", "updated_at") VALUES ($1, $2, $3) RETURNING "id"[0m  [["customer_PO_number", "ABC123"], ["created_at", "2018-01-02 11:40:12.396392"], ["updated_at", "2018-01-02 11:40:12.396392"]]
  [1m[35m (0.4ms)[0m  [1m[35mCOMMIT[0m
  [1m[35m (0.1ms)[0m  [1m[35mBEGIN[0m
  [1m[35mSQL (0.3ms)[0m  [1m[32mINSERT INTO "sales_orders" ("customer_PO_number", "created_at", "updated_at") VALUES ($1, $2, $3) RETURNING "id"[0m  [["customer_PO_number", "456XYZ"], ["created_at", "2018-01-02 11:40:12.398305"], ["updated_at", "2018-01-02 11:40:12.398305"]]
  [1m[35m (0.4ms)[0m  [1m[35mCOMMIT[0m
  [1m[35m (0.1ms)[0m  [1m[35mBEGIN[0m
  [1m[35mSQL (0.3ms)[0m  [1m[32mINSERT INTO "sales_orders" ("customer_PO_number", "created_at", "updated_at") VALUES ($1, $2, $3) RETURNING "id"[0m  [["customer_PO_number", "PO-101"], ["created_at", "2018-01-02 11:40:12.399993"], ["updated_at", "2018-01-02 11:40:12.399993"]]
  [1m[35m (0.4ms)[0m  [1m[35mCOMMIT[0m
  [1m[36mSalesOrderDetail Load (0.5ms)[0m  [1m[34mSELECT "sales_order_details".* FROM "sales_order_details"[0m
  [1m[35m (0.1ms)[0m  [1m[35mBEGIN[0m
  [1m[35m (0.1ms)[0m  [1m[31mROLLBACK[0m
  [1m[35m (0.1ms)[0m  [1m[35mBEGIN[0m
  [1m[35m (0.1ms)[0m  [1m[31mROLLBACK[0m
  [1m[35m (0.1ms)[0m  [1m[35mBEGIN[0m
  [1m[35m (0.1ms)[0m  [1m[31mROLLBACK[0m
  [1m[35m (0.1ms)[0m  [1m[35mBEGIN[0m
  [1m[35m (0.1ms)[0m  [1m[35mCOMMIT[0m
  [1m[35m (0.1ms)[0m  [1m[35mBEGIN[0m
  [1m[35m (0.1ms)[0m  [1m[35mCOMMIT[0m
  [1m[35m (0.1ms)[0m  [1m[35mBEGIN[0m
  [1m[35m (0.1ms)[0m  [1m[35mCOMMIT[0m
  [1m[35m (0.1ms)[0m  [1m[35mBEGIN[0m
  [1m[35mSQL (0.7ms)[0m  [1m[32mINSERT INTO "sales_order_details" ("item_id", "sales_order_id", "quantity") VALUES ($1, $2, $3) RETURNING "id"[0m  [["item_id", 12], ["sales_order_id", 10], ["quantity", 4]]
  [1m[35m (0.4ms)[0m  [1m[35mCOMMIT[0m
  [1m[35m (0.1ms)[0m  [1m[35mBEGIN[0m
  [1m[35m (0.1ms)[0m  [1m[35mCOMMIT[0m
  [1m[35m (0.1ms)[0m  [1m[35mBEGIN[0m
  [1m[35mSQL (0.3ms)[0m  [1m[32mINSERT INTO "sales_order_details" ("item_id", "sales_order_id", "quantity") VALUES ($1, $2, $3) RETURNING "id"[0m  [["item_id", 13], ["sales_order_id", 12], ["quantity", 6]]
  [1m[35m (0.4ms)[0m  [1m[35mCOMMIT[0m
  [1m[36mSalesOrderDetail Load (0.7ms)[0m  [1m[34mSELECT "sales_order_details".* FROM "sales_order_details"[0m
  [1m[36mItem Load (0.5ms)[0m  [1m[34mSELECT  "items".* FROM "items" ORDER BY "items"."id" ASC LIMIT $1[0m  [["LIMIT", 1]]
  [1m[36mItem Load (0.4ms)[0m  [1m[34mSELECT  "items".* FROM "items" ORDER BY "items"."id" ASC LIMIT $1[0m  [["LIMIT", 1]]
  [1m[36mItem Load (0.4ms)[0m  [1m[34mSELECT  "items".* FROM "items" ORDER BY "items"."id" ASC LIMIT $1[0m  [["LIMIT", 1]]
  [1m[36mSalesOrderDetail Load (0.2ms)[0m  [1m[34mSELECT "sales_order_details".* FROM "sales_order_details" WHERE "sales_order_details"."item_id" = $1[0m  [["item_id", 11]]
  [1m[36mItem Load (0.4ms)[0m  [1m[34mSELECT  "items".* FROM "items" ORDER BY "items"."id" DESC LIMIT $1[0m  [["LIMIT", 1]]
  [1m[36mItem Load (0.4ms)[0m  [1m[34mSELECT  "items".* FROM "items" ORDER BY "items"."id" DESC LIMIT $1[0m  [["LIMIT", 1]]
  [1m[36mItem Load (0.4ms)[0m  [1m[34mSELECT  "items".* FROM "items" ORDER BY "items"."id" DESC LIMIT $1[0m  [["LIMIT", 1]]
  [1m[36mItem Load (0.4ms)[0m  [1m[34mSELECT  "items".* FROM "items" ORDER BY "items"."id" DESC LIMIT $1[0m  [["LIMIT", 1]]
  [1m[36mSalesOrderDetail Load (0.3ms)[0m  [1m[34mSELECT "sales_order_details".* FROM "sales_order_details" WHERE "sales_order_details"."item_id" = $1[0m  [["item_id", 13]]
  [1m[36mItem Load (0.4ms)[0m  [1m[34mSELECT  "items".* FROM "items" ORDER BY "items"."id" DESC LIMIT $1[0m  [["LIMIT", 1]]
  [1m[36mSalesOrderDetail Load (0.3ms)[0m  [1m[34mSELECT  "sales_order_details".* FROM "sales_order_details" WHERE "sales_order_details"."item_id" = $1 LIMIT $2[0m  [["item_id", 13], ["LIMIT", 11]]
  [1m[36mItem Load (0.4ms)[0m  [1m[34mSELECT  "items".* FROM "items" ORDER BY "items"."id" DESC LIMIT $1[0m  [["LIMIT", 1]]
  [1m[36mSalesOrderDetail Load (0.2ms)[0m  [1m[34mSELECT "sales_order_details".* FROM "sales_order_details" WHERE "sales_order_details"."item_id" = $1[0m  [["item_id", 13]]
  [1m[36mItem Load (0.4ms)[0m  [1m[34mSELECT  "items".* FROM "items" ORDER BY "items"."id" DESC LIMIT $1[0m  [["LIMIT", 1]]
  [1m[36mSalesOrderDetail Load (0.3ms)[0m  [1m[34mSELECT  "sales_order_details".* FROM "sales_order_details" WHERE "sales_order_details"."item_id" = $1 LIMIT $2[0m  [["item_id", 13], ["LIMIT", 11]]
  [1m[36mItem Load (0.4ms)[0m  [1m[34mSELECT  "items".* FROM "items" ORDER BY "items"."id" DESC LIMIT $1[0m  [["LIMIT", 1]]
  [1m[36mSalesOrderDetail Load (0.2ms)[0m  [1m[34mSELECT "sales_order_details".* FROM "sales_order_details" WHERE "sales_order_details"."item_id" = $1[0m  [["item_id", 13]]
  [1m[36mItem Load (0.4ms)[0m  [1m[34mSELECT  "items".* FROM "items" ORDER BY "items"."id" DESC LIMIT $1[0m  [["LIMIT", 1]]
  [1m[36mItem Load (0.4ms)[0m  [1m[34mSELECT  "items".* FROM "items" ORDER BY "items"."id" DESC LIMIT $1[0m  [["LIMIT", 1]]
  [1m[36mItem Load (0.6ms)[0m  [1m[34mSELECT  "items".* FROM "items" ORDER BY "items"."id" DESC LIMIT $1[0m  [["LIMIT", 1]]
  [1m[36mItem Load (0.4ms)[0m  [1m[34mSELECT  "items".* FROM "items" ORDER BY "items"."id" DESC LIMIT $1[0m  [["LIMIT", 1]]
  [1m[36mSalesOrderDetail Load (0.2ms)[0m  [1m[34mSELECT "sales_order_details".* FROM "sales_order_details" WHERE "sales_order_details"."item_id" = $1[0m  [["item_id", 13]]
  [1m[36mItem Load (0.4ms)[0m  [1m[34mSELECT  "items".* FROM "items" ORDER BY "items"."id" DESC LIMIT $1[0m  [["LIMIT", 1]]
  [1m[36mSalesOrderDetail Load (0.3ms)[0m  [1m[34mSELECT  "sales_order_details".* FROM "sales_order_details" WHERE "sales_order_details"."item_id" = $1 ORDER BY "sales_order_details"."id" DESC LIMIT $2[0m  [["item_id", 13], ["LIMIT", 1]]
  [1m[36mItem Load (0.4ms)[0m  [1m[34mSELECT  "items".* FROM "items" ORDER BY "items"."id" DESC LIMIT $1[0m  [["LIMIT", 1]]
  [1m[36mSalesOrderDetail Load (0.3ms)[0m  [1m[34mSELECT  "sales_order_details".* FROM "sales_order_details" WHERE "sales_order_details"."item_id" = $1 ORDER BY "sales_order_details"."id" DESC LIMIT $2[0m  [["item_id", 13], ["LIMIT", 1]]
  [1m[36mSalesOrder Load (0.4ms)[0m  [1m[34mSELECT  "sales_orders".* FROM "sales_orders" WHERE "sales_orders"."id" = $1 LIMIT $2[0m  [["id", 12], ["LIMIT", 1]]
  [1m[36mItem Load (0.5ms)[0m  [1m[34mSELECT  "items".* FROM "items" ORDER BY "items"."id" DESC LIMIT $1[0m  [["LIMIT", 1]]
  [1m[36mSalesOrderDetail Load (0.4ms)[0m  [1m[34mSELECT  "sales_order_details".* FROM "sales_order_details" WHERE "sales_order_details"."item_id" = $1 ORDER BY "sales_order_details"."id" DESC LIMIT $2[0m  [["item_id", 13], ["LIMIT", 1]]
  [1m[36mSalesOrder Load (0.6ms)[0m  [1m[34mSELECT  "sales_orders".* FROM "sales_orders" WHERE "sales_orders"."id" = $1 LIMIT $2[0m  [["id", 12], ["LIMIT", 1]]
  [1m[35m (0.8ms)[0m  [1m[34mSELECT "schema_migrations"."version" FROM "schema_migrations" ORDER BY "schema_migrations"."version" ASC[0m
Started GET "/" for 127.0.0.1 at 2018-01-02 23:24:54 +1100
  [1m[35m (0.9ms)[0m  [1m[34mSELECT "schema_migrations"."version" FROM "schema_migrations" ORDER BY "schema_migrations"."version" ASC[0m
Processing by PagesController#home as HTML
  Rendering pages/home.html.erb within layouts/application
  Rendered pages/home.html.erb within layouts/application (1.1ms)
Completed 200 OK in 724ms (Views: 712.7ms | ActiveRecord: 0.0ms)


Started GET "/items" for 127.0.0.1 at 2018-01-02 23:25:00 +1100
Processing by ItemsController#index as HTML
  Rendering items/index.html.erb within layouts/application
  Rendered items/index.html.erb within layouts/application (0.6ms)
Completed 200 OK in 27ms (Views: 24.1ms | ActiveRecord: 0.0ms)


Started GET "/" for 127.0.0.1 at 2018-01-02 23:26:08 +1100
  [1m[35m (0.8ms)[0m  [1m[34mSELECT "schema_migrations"."version" FROM "schema_migrations" ORDER BY "schema_migrations"."version" ASC[0m
Processing by PagesController#home as HTML
  Rendering pages/home.html.erb within layouts/application
  Rendered pages/home.html.erb within layouts/application (0.8ms)
Completed 200 OK in 186ms (Views: 175.9ms | ActiveRecord: 0.0ms)


Started GET "/" for 127.0.0.1 at 2018-01-02 23:26:13 +1100
Processing by PagesController#home as */*
  Rendering pages/home.html.erb within layouts/application
  Rendered pages/home.html.erb within layouts/application (1.3ms)
Completed 200 OK in 120ms (Views: 89.3ms | ActiveRecord: 0.0ms)


Started GET "/items" for 127.0.0.1 at 2018-01-02 23:26:48 +1100
Processing by ItemsController#index as HTML
  Rendering items/index.html.erb within layouts/application
  Rendered items/index.html.erb within layouts/application (0.3ms)
Completed 200 OK in 23ms (Views: 20.7ms | ActiveRecord: 0.0ms)


Started GET "/sales_orders" for 127.0.0.1 at 2018-01-02 23:26:54 +1100
Processing by SalesOrdersController#index as HTML
  Rendering sales_orders/index.html.erb within layouts/application
  Rendered sales_orders/index.html.erb within layouts/application (0.3ms)
Completed 200 OK in 23ms (Views: 20.6ms | ActiveRecord: 0.0ms)


Started GET "/items" for 127.0.0.1 at 2018-01-03 00:04:44 +1100
Processing by ItemsController#index as HTML
  Rendering items/index.html.erb within layouts/application
  [1m[36mItem Load (0.7ms)[0m  [1m[34mSELECT "items".* FROM "items"[0m
  Rendered items/index.html.erb within layouts/application (14.5ms)
Completed 200 OK in 42ms (Views: 26.9ms | ActiveRecord: 7.1ms)


Started GET "/items" for 127.0.0.1 at 2018-01-03 00:10:58 +1100
Processing by ItemsController#index as HTML
  Rendering items/index.html.erb within layouts/application
  [1m[36mItem Load (0.4ms)[0m  [1m[34mSELECT "items".* FROM "items"[0m
  Rendered items/index.html.erb within layouts/application (9.7ms)
Completed 500 Internal Server Error in 18ms (ActiveRecord: 0.4ms)


  
ActionView::Template::Error (undefined method `item_id' for #<Item:0x00007f89bf1c1ab0>):
     6:   <% @items.each do |item| %>
     7: 
     8:     <ul>
     9:       <li>Part Number: <%= item.part_number %> (<%= item.item_id %>)</li>
    10:     </ul>
    11: 
    12:   <% end %>
  
app/views/items/index.html.erb:9:in `block in _app_views_items_index_html_erb__1386007037971793365_70114801304320'
app/views/items/index.html.erb:6:in `_app_views_items_index_html_erb__1386007037971793365_70114801304320'
Started GET "/items" for 127.0.0.1 at 2018-01-03 00:11:47 +1100
Processing by ItemsController#index as HTML
  Rendering items/index.html.erb within layouts/application
  [1m[36mItem Load (0.4ms)[0m  [1m[34mSELECT "items".* FROM "items"[0m
  Rendered items/index.html.erb within layouts/application (13.1ms)
Completed 500 Internal Server Error in 22ms (ActiveRecord: 0.4ms)


  
ActionView::Template::Error (undefined method `item_list_price' for #<Item:0x00007f89bf531a38>):
     6:   <% @items.each do |item| %>
     7: 
     8:     <ul>
     9:       <li>Part Number: <%= item.part_number %> (<%= item.item_list_price %>)</li>
    10:     </ul>
    11: 
    12:   <% end %>
  
app/views/items/index.html.erb:9:in `block in _app_views_items_index_html_erb__1386007037971793365_70114805013320'
app/views/items/index.html.erb:6:in `_app_views_items_index_html_erb__1386007037971793365_70114805013320'
Started GET "/items" for 127.0.0.1 at 2018-01-03 00:12:24 +1100
Processing by ItemsController#index as HTML
  Rendering items/index.html.erb within layouts/application
  [1m[36mItem Load (0.3ms)[0m  [1m[34mSELECT "items".* FROM "items"[0m
  Rendered items/index.html.erb within layouts/application (1.7ms)
Completed 200 OK in 24ms (Views: 20.7ms | ActiveRecord: 0.3ms)


Started GET "/items/1" for 127.0.0.1 at 2018-01-03 00:13:39 +1100
  
ActionController::RoutingError (No route matches [GET] "/items/1"):
  
actionpack (5.1.4) lib/action_dispatch/middleware/debug_exceptions.rb:63:in `call'
web-console (3.5.1) lib/web_console/middleware.rb:135:in `call_app'
web-console (3.5.1) lib/web_console/middleware.rb:28:in `block in call'
web-console (3.5.1) lib/web_console/middleware.rb:18:in `catch'
web-console (3.5.1) lib/web_console/middleware.rb:18:in `call'
actionpack (5.1.4) lib/action_dispatch/middleware/show_exceptions.rb:31:in `call'
railties (5.1.4) lib/rails/rack/logger.rb:36:in `call_app'
railties (5.1.4) lib/rails/rack/logger.rb:24:in `block in call'
activesupport (5.1.4) lib/active_support/tagged_logging.rb:69:in `block in tagged'
activesupport (5.1.4) lib/active_support/tagged_logging.rb:26:in `tagged'
activesupport (5.1.4) lib/active_support/tagged_logging.rb:69:in `tagged'
railties (5.1.4) lib/rails/rack/logger.rb:24:in `call'
sprockets-rails (3.2.1) lib/sprockets/rails/quiet_assets.rb:13:in `call'
actionpack (5.1.4) lib/action_dispatch/middleware/remote_ip.rb:79:in `call'
actionpack (5.1.4) lib/action_dispatch/middleware/request_id.rb:25:in `call'
rack (2.0.3) lib/rack/method_override.rb:22:in `call'
rack (2.0.3) lib/rack/runtime.rb:22:in `call'
activesupport (5.1.4) lib/active_support/cache/strategy/local_cache_middleware.rb:27:in `call'
actionpack (5.1.4) lib/action_dispatch/middleware/executor.rb:12:in `call'
actionpack (5.1.4) lib/action_dispatch/middleware/static.rb:125:in `call'
rack (2.0.3) lib/rack/sendfile.rb:111:in `call'
railties (5.1.4) lib/rails/engine.rb:522:in `call'
puma (3.11.0) lib/puma/configuration.rb:225:in `call'
puma (3.11.0) lib/puma/server.rb:624:in `handle_request'
puma (3.11.0) lib/puma/server.rb:438:in `process_client'
puma (3.11.0) lib/puma/server.rb:302:in `block in run'
puma (3.11.0) lib/puma/thread_pool.rb:120:in `block in spawn_thread'
Started GET "/items/13" for 127.0.0.1 at 2018-01-03 00:13:45 +1100
  
ActionController::RoutingError (No route matches [GET] "/items/13"):
  
actionpack (5.1.4) lib/action_dispatch/middleware/debug_exceptions.rb:63:in `call'
web-console (3.5.1) lib/web_console/middleware.rb:135:in `call_app'
web-console (3.5.1) lib/web_console/middleware.rb:28:in `block in call'
web-console (3.5.1) lib/web_console/middleware.rb:18:in `catch'
web-console (3.5.1) lib/web_console/middleware.rb:18:in `call'
actionpack (5.1.4) lib/action_dispatch/middleware/show_exceptions.rb:31:in `call'
railties (5.1.4) lib/rails/rack/logger.rb:36:in `call_app'
railties (5.1.4) lib/rails/rack/logger.rb:24:in `block in call'
activesupport (5.1.4) lib/active_support/tagged_logging.rb:69:in `block in tagged'
activesupport (5.1.4) lib/active_support/tagged_logging.rb:26:in `tagged'
activesupport (5.1.4) lib/active_support/tagged_logging.rb:69:in `tagged'
railties (5.1.4) lib/rails/rack/logger.rb:24:in `call'
sprockets-rails (3.2.1) lib/sprockets/rails/quiet_assets.rb:13:in `call'
actionpack (5.1.4) lib/action_dispatch/middleware/remote_ip.rb:79:in `call'
actionpack (5.1.4) lib/action_dispatch/middleware/request_id.rb:25:in `call'
rack (2.0.3) lib/rack/method_override.rb:22:in `call'
rack (2.0.3) lib/rack/runtime.rb:22:in `call'
activesupport (5.1.4) lib/active_support/cache/strategy/local_cache_middleware.rb:27:in `call'
actionpack (5.1.4) lib/action_dispatch/middleware/executor.rb:12:in `call'
actionpack (5.1.4) lib/action_dispatch/middleware/static.rb:125:in `call'
rack (2.0.3) lib/rack/sendfile.rb:111:in `call'
railties (5.1.4) lib/rails/engine.rb:522:in `call'
puma (3.11.0) lib/puma/configuration.rb:225:in `call'
puma (3.11.0) lib/puma/server.rb:624:in `handle_request'
puma (3.11.0) lib/puma/server.rb:438:in `process_client'
puma (3.11.0) lib/puma/server.rb:302:in `block in run'
puma (3.11.0) lib/puma/thread_pool.rb:120:in `block in spawn_thread'
Started GET "/item/13" for 127.0.0.1 at 2018-01-03 00:13:53 +1100
  
ActionController::RoutingError (No route matches [GET] "/item/13"):
  
actionpack (5.1.4) lib/action_dispatch/middleware/debug_exceptions.rb:63:in `call'
web-console (3.5.1) lib/web_console/middleware.rb:135:in `call_app'
web-console (3.5.1) lib/web_console/middleware.rb:28:in `block in call'
web-console (3.5.1) lib/web_console/middleware.rb:18:in `catch'
web-console (3.5.1) lib/web_console/middleware.rb:18:in `call'
actionpack (5.1.4) lib/action_dispatch/middleware/show_exceptions.rb:31:in `call'
railties (5.1.4) lib/rails/rack/logger.rb:36:in `call_app'
railties (5.1.4) lib/rails/rack/logger.rb:24:in `block in call'
activesupport (5.1.4) lib/active_support/tagged_logging.rb:69:in `block in tagged'
activesupport (5.1.4) lib/active_support/tagged_logging.rb:26:in `tagged'
activesupport (5.1.4) lib/active_support/tagged_logging.rb:69:in `tagged'
railties (5.1.4) lib/rails/rack/logger.rb:24:in `call'
sprockets-rails (3.2.1) lib/sprockets/rails/quiet_assets.rb:13:in `call'
actionpack (5.1.4) lib/action_dispatch/middleware/remote_ip.rb:79:in `call'
actionpack (5.1.4) lib/action_dispatch/middleware/request_id.rb:25:in `call'
rack (2.0.3) lib/rack/method_override.rb:22:in `call'
rack (2.0.3) lib/rack/runtime.rb:22:in `call'
activesupport (5.1.4) lib/active_support/cache/strategy/local_cache_middleware.rb:27:in `call'
actionpack (5.1.4) lib/action_dispatch/middleware/executor.rb:12:in `call'
actionpack (5.1.4) lib/action_dispatch/middleware/static.rb:125:in `call'
rack (2.0.3) lib/rack/sendfile.rb:111:in `call'
railties (5.1.4) lib/rails/engine.rb:522:in `call'
puma (3.11.0) lib/puma/configuration.rb:225:in `call'
puma (3.11.0) lib/puma/server.rb:624:in `handle_request'
puma (3.11.0) lib/puma/server.rb:438:in `process_client'
puma (3.11.0) lib/puma/server.rb:302:in `block in run'
puma (3.11.0) lib/puma/thread_pool.rb:120:in `block in spawn_thread'
Started GET "/item/1" for 127.0.0.1 at 2018-01-03 00:13:57 +1100
  
ActionController::RoutingError (No route matches [GET] "/item/1"):
  
actionpack (5.1.4) lib/action_dispatch/middleware/debug_exceptions.rb:63:in `call'
web-console (3.5.1) lib/web_console/middleware.rb:135:in `call_app'
web-console (3.5.1) lib/web_console/middleware.rb:28:in `block in call'
web-console (3.5.1) lib/web_console/middleware.rb:18:in `catch'
web-console (3.5.1) lib/web_console/middleware.rb:18:in `call'
actionpack (5.1.4) lib/action_dispatch/middleware/show_exceptions.rb:31:in `call'
railties (5.1.4) lib/rails/rack/logger.rb:36:in `call_app'
railties (5.1.4) lib/rails/rack/logger.rb:24:in `block in call'
activesupport (5.1.4) lib/active_support/tagged_logging.rb:69:in `block in tagged'
activesupport (5.1.4) lib/active_support/tagged_logging.rb:26:in `tagged'
activesupport (5.1.4) lib/active_support/tagged_logging.rb:69:in `tagged'
railties (5.1.4) lib/rails/rack/logger.rb:24:in `call'
sprockets-rails (3.2.1) lib/sprockets/rails/quiet_assets.rb:13:in `call'
actionpack (5.1.4) lib/action_dispatch/middleware/remote_ip.rb:79:in `call'
actionpack (5.1.4) lib/action_dispatch/middleware/request_id.rb:25:in `call'
rack (2.0.3) lib/rack/method_override.rb:22:in `call'
rack (2.0.3) lib/rack/runtime.rb:22:in `call'
activesupport (5.1.4) lib/active_support/cache/strategy/local_cache_middleware.rb:27:in `call'
actionpack (5.1.4) lib/action_dispatch/middleware/executor.rb:12:in `call'
actionpack (5.1.4) lib/action_dispatch/middleware/static.rb:125:in `call'
rack (2.0.3) lib/rack/sendfile.rb:111:in `call'
railties (5.1.4) lib/rails/engine.rb:522:in `call'
puma (3.11.0) lib/puma/configuration.rb:225:in `call'
puma (3.11.0) lib/puma/server.rb:624:in `handle_request'
puma (3.11.0) lib/puma/server.rb:438:in `process_client'
puma (3.11.0) lib/puma/server.rb:302:in `block in run'
puma (3.11.0) lib/puma/thread_pool.rb:120:in `block in spawn_thread'
Started GET "/items" for 127.0.0.1 at 2018-01-03 00:14:43 +1100
Processing by ItemsController#index as HTML
  Rendering items/index.html.erb within layouts/application
  [1m[36mItem Load (0.3ms)[0m  [1m[34mSELECT "items".* FROM "items"[0m
  Rendered items/index.html.erb within layouts/application (2.9ms)
Completed 200 OK in 33ms (Views: 29.7ms | ActiveRecord: 0.3ms)


  [1m[36mItem Load (0.4ms)[0m  [1m[34mSELECT  "items".* FROM "items" ORDER BY "items"."id" ASC LIMIT $1[0m  [["LIMIT", 1]]
Started GET "/item/11" for 127.0.0.1 at 2018-01-03 00:15:23 +1100
  
ActionController::RoutingError (No route matches [GET] "/item/11"):
  
actionpack (5.1.4) lib/action_dispatch/middleware/debug_exceptions.rb:63:in `call'
web-console (3.5.1) lib/web_console/middleware.rb:135:in `call_app'
web-console (3.5.1) lib/web_console/middleware.rb:28:in `block in call'
web-console (3.5.1) lib/web_console/middleware.rb:18:in `catch'
web-console (3.5.1) lib/web_console/middleware.rb:18:in `call'
actionpack (5.1.4) lib/action_dispatch/middleware/show_exceptions.rb:31:in `call'
railties (5.1.4) lib/rails/rack/logger.rb:36:in `call_app'
railties (5.1.4) lib/rails/rack/logger.rb:24:in `block in call'
activesupport (5.1.4) lib/active_support/tagged_logging.rb:69:in `block in tagged'
activesupport (5.1.4) lib/active_support/tagged_logging.rb:26:in `tagged'
activesupport (5.1.4) lib/active_support/tagged_logging.rb:69:in `tagged'
railties (5.1.4) lib/rails/rack/logger.rb:24:in `call'
sprockets-rails (3.2.1) lib/sprockets/rails/quiet_assets.rb:13:in `call'
actionpack (5.1.4) lib/action_dispatch/middleware/remote_ip.rb:79:in `call'
actionpack (5.1.4) lib/action_dispatch/middleware/request_id.rb:25:in `call'
rack (2.0.3) lib/rack/method_override.rb:22:in `call'
rack (2.0.3) lib/rack/runtime.rb:22:in `call'
activesupport (5.1.4) lib/active_support/cache/strategy/local_cache_middleware.rb:27:in `call'
actionpack (5.1.4) lib/action_dispatch/middleware/executor.rb:12:in `call'
actionpack (5.1.4) lib/action_dispatch/middleware/static.rb:125:in `call'
rack (2.0.3) lib/rack/sendfile.rb:111:in `call'
railties (5.1.4) lib/rails/engine.rb:522:in `call'
puma (3.11.0) lib/puma/configuration.rb:225:in `call'
puma (3.11.0) lib/puma/server.rb:624:in `handle_request'
puma (3.11.0) lib/puma/server.rb:438:in `process_client'
puma (3.11.0) lib/puma/server.rb:302:in `block in run'
puma (3.11.0) lib/puma/thread_pool.rb:120:in `block in spawn_thread'
Started GET "/items/11" for 127.0.0.1 at 2018-01-03 00:15:35 +1100
  
ActionController::RoutingError (No route matches [GET] "/items/11"):
  
actionpack (5.1.4) lib/action_dispatch/middleware/debug_exceptions.rb:63:in `call'
web-console (3.5.1) lib/web_console/middleware.rb:135:in `call_app'
web-console (3.5.1) lib/web_console/middleware.rb:28:in `block in call'
web-console (3.5.1) lib/web_console/middleware.rb:18:in `catch'
web-console (3.5.1) lib/web_console/middleware.rb:18:in `call'
actionpack (5.1.4) lib/action_dispatch/middleware/show_exceptions.rb:31:in `call'
railties (5.1.4) lib/rails/rack/logger.rb:36:in `call_app'
railties (5.1.4) lib/rails/rack/logger.rb:24:in `block in call'
activesupport (5.1.4) lib/active_support/tagged_logging.rb:69:in `block in tagged'
activesupport (5.1.4) lib/active_support/tagged_logging.rb:26:in `tagged'
activesupport (5.1.4) lib/active_support/tagged_logging.rb:69:in `tagged'
railties (5.1.4) lib/rails/rack/logger.rb:24:in `call'
sprockets-rails (3.2.1) lib/sprockets/rails/quiet_assets.rb:13:in `call'
actionpack (5.1.4) lib/action_dispatch/middleware/remote_ip.rb:79:in `call'
actionpack (5.1.4) lib/action_dispatch/middleware/request_id.rb:25:in `call'
rack (2.0.3) lib/rack/method_override.rb:22:in `call'
rack (2.0.3) lib/rack/runtime.rb:22:in `call'
activesupport (5.1.4) lib/active_support/cache/strategy/local_cache_middleware.rb:27:in `call'
actionpack (5.1.4) lib/action_dispatch/middleware/executor.rb:12:in `call'
actionpack (5.1.4) lib/action_dispatch/middleware/static.rb:125:in `call'
rack (2.0.3) lib/rack/sendfile.rb:111:in `call'
railties (5.1.4) lib/rails/engine.rb:522:in `call'
puma (3.11.0) lib/puma/configuration.rb:225:in `call'
puma (3.11.0) lib/puma/server.rb:624:in `handle_request'
puma (3.11.0) lib/puma/server.rb:438:in `process_client'
puma (3.11.0) lib/puma/server.rb:302:in `block in run'
puma (3.11.0) lib/puma/thread_pool.rb:120:in `block in spawn_thread'
Started GET "/items/11" for 127.0.0.1 at 2018-01-03 00:17:08 +1100
Processing by ItemsController#show as HTML
  Parameters: {"id"=>"11"}
  [1m[36mItem Load (0.3ms)[0m  [1m[34mSELECT  "items".* FROM "items" WHERE "items"."id" = $1 LIMIT $2[0m  [["id", 11], ["LIMIT", 1]]
  Rendering items/show.html.erb within layouts/application
  Rendered items/show.html.erb within layouts/application (0.5ms)
Completed 200 OK in 40ms (Views: 20.8ms | ActiveRecord: 6.2ms)


Started GET "/items/new" for 127.0.0.1 at 2018-01-03 00:19:30 +1100
Processing by ItemsController#new as HTML
  Rendering items/new.html.erb within layouts/application
  Rendered items/new.html.erb within layouts/application (0.3ms)
Completed 200 OK in 25ms (Views: 21.7ms | ActiveRecord: 0.0ms)


Started GET "/items/" for 127.0.0.1 at 2018-01-03 00:25:08 +1100
Processing by ItemsController#index as HTML
  Rendering items/index.html.erb within layouts/application
  [1m[36mItem Load (0.3ms)[0m  [1m[34mSELECT "items".* FROM "items"[0m
  Rendered items/index.html.erb within layouts/application (1.5ms)
Completed 200 OK in 24ms (Views: 21.2ms | ActiveRecord: 0.3ms)


Started GET "/items/" for 127.0.0.1 at 2018-01-03 00:25:14 +1100
Processing by ItemsController#index as */*
  Rendering items/index.html.erb within layouts/application
  [1m[36mItem Load (0.3ms)[0m  [1m[34mSELECT "items".* FROM "items"[0m
  Rendered items/index.html.erb within layouts/application (1.8ms)
Completed 200 OK in 78ms (Views: 50.5ms | ActiveRecord: 0.3ms)


Started GET "/items/11" for 127.0.0.1 at 2018-01-03 00:25:49 +1100
Processing by ItemsController#show as HTML
  Parameters: {"id"=>"11"}
  [1m[36mItem Load (0.3ms)[0m  [1m[34mSELECT  "items".* FROM "items" WHERE "items"."id" = $1 LIMIT $2[0m  [["id", 11], ["LIMIT", 1]]
  Rendering items/show.html.erb within layouts/application
  Rendered items/show.html.erb within layouts/application (0.4ms)
Completed 200 OK in 24ms (Views: 20.8ms | ActiveRecord: 0.3ms)


Started GET "/items/11" for 127.0.0.1 at 2018-01-03 00:25:54 +1100
Processing by ItemsController#show as */*
  Parameters: {"id"=>"11"}
  [1m[36mItem Load (0.4ms)[0m  [1m[34mSELECT  "items".* FROM "items" WHERE "items"."id" = $1 LIMIT $2[0m  [["id", 11], ["LIMIT", 1]]
  Rendering items/show.html.erb within layouts/application
  Rendered items/show.html.erb within layouts/application (0.4ms)
Completed 200 OK in 70ms (Views: 42.4ms | ActiveRecord: 0.4ms)


Started GET "/" for 127.0.0.1 at 2018-01-04 00:59:36 +1100
Processing by PagesController#home as HTML
  Rendering pages/home.html.erb within layouts/application
  Rendered pages/home.html.erb within layouts/application (0.3ms)
Completed 200 OK in 32ms (Views: 29.4ms | ActiveRecord: 0.0ms)


Started GET "/" for 127.0.0.1 at 2018-01-05 11:55:37 +1100
Processing by PagesController#home as HTML
  Rendering pages/home.html.erb within layouts/application
  Rendered pages/home.html.erb within layouts/application (0.8ms)
Completed 200 OK in 46ms (Views: 42.9ms | ActiveRecord: 0.0ms)


Started GET "/items" for 127.0.0.1 at 2018-01-05 12:16:32 +1100
Processing by ItemsController#index as HTML
  Rendering items/index.html.erb within layouts/application
  [1m[36mItem Load (0.4ms)[0m  [1m[34mSELECT "items".* FROM "items"[0m
  Rendered items/index.html.erb within layouts/application (2.0ms)
Completed 200 OK in 30ms (Views: 26.7ms | ActiveRecord: 0.4ms)


Started GET "/items/11" for 127.0.0.1 at 2018-01-05 12:16:40 +1100
Processing by ItemsController#show as HTML
  Parameters: {"id"=>"11"}
  [1m[36mItem Load (0.4ms)[0m  [1m[34mSELECT  "items".* FROM "items" WHERE "items"."id" = $1 LIMIT $2[0m  [["id", 11], ["LIMIT", 1]]
  Rendering items/show.html.erb within layouts/application
  Rendered items/show.html.erb within layouts/application (0.4ms)
Completed 200 OK in 27ms (Views: 23.1ms | ActiveRecord: 0.4ms)


Started GET "/items/11" for 127.0.0.1 at 2018-01-05 12:22:07 +1100
Processing by ItemsController#show as HTML
  Parameters: {"id"=>"11"}
  [1m[36mItem Load (0.3ms)[0m  [1m[34mSELECT  "items".* FROM "items" WHERE "items"."id" = $1 LIMIT $2[0m  [["id", 11], ["LIMIT", 1]]
  Rendering items/show.html.erb within layouts/application
  Rendered items/show.html.erb within layouts/application (0.4ms)
Completed 200 OK in 27ms (Views: 23.1ms | ActiveRecord: 0.3ms)


Started GET "/items/11" for 127.0.0.1 at 2018-01-05 12:22:11 +1100
Processing by ItemsController#show as HTML
  Parameters: {"id"=>"11"}
  [1m[36mItem Load (0.4ms)[0m  [1m[34mSELECT  "items".* FROM "items" WHERE "items"."id" = $1 LIMIT $2[0m  [["id", 11], ["LIMIT", 1]]
  Rendering items/show.html.erb within layouts/application
  Rendered items/show.html.erb within layouts/application (0.7ms)
Completed 200 OK in 26ms (Views: 22.6ms | ActiveRecord: 0.4ms)


Started GET "/items" for 127.0.0.1 at 2018-01-05 12:22:17 +1100
Processing by ItemsController#index as HTML
  Rendering items/index.html.erb within layouts/application
  [1m[36mItem Load (0.3ms)[0m  [1m[34mSELECT "items".* FROM "items"[0m
  Rendered items/index.html.erb within layouts/application (2.7ms)
Completed 200 OK in 26ms (Views: 23.1ms | ActiveRecord: 0.3ms)


Started GET "/items/11" for 127.0.0.1 at 2018-01-05 12:22:18 +1100
Processing by ItemsController#show as HTML
  Parameters: {"id"=>"11"}
  [1m[36mItem Load (0.3ms)[0m  [1m[34mSELECT  "items".* FROM "items" WHERE "items"."id" = $1 LIMIT $2[0m  [["id", 11], ["LIMIT", 1]]
  Rendering items/show.html.erb within layouts/application
  Rendered items/show.html.erb within layouts/application (0.5ms)
Completed 200 OK in 41ms (Views: 36.7ms | ActiveRecord: 0.3ms)


Started GET "/items" for 127.0.0.1 at 2018-01-05 12:22:41 +1100
Processing by ItemsController#index as HTML
  Rendering items/index.html.erb within layouts/application
  [1m[36mItem Load (0.3ms)[0m  [1m[34mSELECT "items".* FROM "items"[0m
  Rendered items/index.html.erb within layouts/application (2.3ms)
Completed 200 OK in 29ms (Views: 26.0ms | ActiveRecord: 0.3ms)


Started GET "/items/13" for 127.0.0.1 at 2018-01-05 12:22:47 +1100
Processing by ItemsController#show as HTML
  Parameters: {"id"=>"13"}
  [1m[36mItem Load (0.5ms)[0m  [1m[34mSELECT  "items".* FROM "items" WHERE "items"."id" = $1 LIMIT $2[0m  [["id", 13], ["LIMIT", 1]]
  Rendering items/show.html.erb within layouts/application
  Rendered items/show.html.erb within layouts/application (0.5ms)
Completed 200 OK in 32ms (Views: 27.1ms | ActiveRecord: 0.5ms)


Started GET "/items/11" for 127.0.0.1 at 2018-01-05 12:26:19 +1100
Processing by ItemsController#show as HTML
  Parameters: {"id"=>"11"}
  [1m[36mItem Load (0.3ms)[0m  [1m[34mSELECT  "items".* FROM "items" WHERE "items"."id" = $1 LIMIT $2[0m  [["id", 11], ["LIMIT", 1]]
  Rendering items/show.html.erb within layouts/application
  Rendered items/show.html.erb within layouts/application (0.5ms)
Completed 200 OK in 26ms (Views: 21.5ms | ActiveRecord: 0.3ms)


Started GET "/items" for 127.0.0.1 at 2018-01-05 12:26:23 +1100
Processing by ItemsController#index as HTML
  Rendering items/index.html.erb within layouts/application
  [1m[36mItem Load (0.3ms)[0m  [1m[34mSELECT "items".* FROM "items"[0m
  Rendered items/index.html.erb within layouts/application (2.0ms)
Completed 200 OK in 31ms (Views: 28.1ms | ActiveRecord: 0.3ms)


Started GET "/items/new" for 127.0.0.1 at 2018-01-05 12:26:25 +1100
Processing by ItemsController#new as HTML
  Rendering items/new.html.erb within layouts/application
  Rendered items/new.html.erb within layouts/application (0.3ms)
Completed 200 OK in 25ms (Views: 21.9ms | ActiveRecord: 0.0ms)


Started GET "/items/11/edit" for 127.0.0.1 at 2018-01-05 12:26:33 +1100
Processing by ItemsController#edit as HTML
  Parameters: {"id"=>"11"}
  [1m[36mItem Load (0.3ms)[0m  [1m[34mSELECT  "items".* FROM "items" WHERE "items"."id" = $1 LIMIT $2[0m  [["id", 11], ["LIMIT", 1]]
  Rendering items/edit.html.erb within layouts/application
  Rendered items/edit.html.erb within layouts/application (0.4ms)
Completed 200 OK in 26ms (Views: 21.6ms | ActiveRecord: 0.3ms)


Started GET "/items/11/" for 127.0.0.1 at 2018-01-05 12:33:39 +1100
Processing by ItemsController#show as HTML
  Parameters: {"id"=>"11"}
  [1m[36mItem Load (0.3ms)[0m  [1m[34mSELECT  "items".* FROM "items" WHERE "items"."id" = $1 LIMIT $2[0m  [["id", 11], ["LIMIT", 1]]
  Rendering items/show.html.erb within layouts/application
  Rendered items/show.html.erb within layouts/application (0.7ms)
Completed 200 OK in 27ms (Views: 23.4ms | ActiveRecord: 0.3ms)


Started GET "/items/11/" for 127.0.0.1 at 2018-01-05 12:35:44 +1100
Processing by ItemsController#show as HTML
  Parameters: {"id"=>"11"}
  [1m[36mItem Load (0.2ms)[0m  [1m[34mSELECT  "items".* FROM "items" WHERE "items"."id" = $1 LIMIT $2[0m  [["id", 11], ["LIMIT", 1]]
  Rendering items/show.html.erb within layouts/application
  Rendered items/show.html.erb within layouts/application (0.6ms)
Completed 200 OK in 26ms (Views: 22.4ms | ActiveRecord: 0.2ms)


Started GET "/items/11/edit" for 127.0.0.1 at 2018-01-05 12:35:50 +1100
Processing by ItemsController#edit as HTML
  Parameters: {"id"=>"11"}
  [1m[36mItem Load (0.2ms)[0m  [1m[34mSELECT  "items".* FROM "items" WHERE "items"."id" = $1 LIMIT $2[0m  [["id", 11], ["LIMIT", 1]]
  Rendering items/edit.html.erb within layouts/application
  Rendered items/_form.html.erb (1.2ms)
  Rendered items/edit.html.erb within layouts/application (4.1ms)
Completed 500 Internal Server Error in 14ms (ActiveRecord: 0.2ms)


  
SyntaxError (/Users/john/Projects/DataHouseSoftware/Inventory_Manager/app/views/items/_form.html.erb:18: syntax error, unexpected keyword_end
ze;@output_buffer.append=( end );
                              ^
/Users/john/Projects/DataHouseSoftware/Inventory_Manager/app/views/items/_form.html.erb:21: syntax error, unexpected keyword_ensure, expecting ')'
          ensure
                ^
/Users/john/Projects/DataHouseSoftware/Inventory_Manager/app/views/items/_form.html.erb:23: syntax error, unexpected keyword_end, expecting ')'
          end
             ^):
  
app/views/items/_form.html.erb:18: syntax error, unexpected keyword_end
app/views/items/_form.html.erb:21: syntax error, unexpected keyword_ensure, expecting ')'
app/views/items/_form.html.erb:23: syntax error, unexpected keyword_end, expecting ')'
app/views/items/edit.html.erb:4:in `_app_views_items_edit_html_erb__239271277796741549_70114740067520'
Started GET "/items/11/edit" for 127.0.0.1 at 2018-01-05 12:38:34 +1100
Processing by ItemsController#edit as HTML
  Parameters: {"id"=>"11"}
  [1m[36mItem Load (0.2ms)[0m  [1m[34mSELECT  "items".* FROM "items" WHERE "items"."id" = $1 LIMIT $2[0m  [["id", 11], ["LIMIT", 1]]
  Rendering items/edit.html.erb within layouts/application
  Rendered items/_form.html.erb (20.8ms)
  Rendered items/edit.html.erb within layouts/application (23.3ms)
Completed 200 OK in 48ms (Views: 44.9ms | ActiveRecord: 0.2ms)


Started GET "/items/11/edit" for 127.0.0.1 at 2018-01-05 12:38:42 +1100
Processing by ItemsController#edit as HTML
  Parameters: {"id"=>"11"}
  [1m[36mItem Load (0.2ms)[0m  [1m[34mSELECT  "items".* FROM "items" WHERE "items"."id" = $1 LIMIT $2[0m  [["id", 11], ["LIMIT", 1]]
  Rendering items/edit.html.erb within layouts/application
  Rendered items/_form.html.erb (1.7ms)
  Rendered items/edit.html.erb within layouts/application (3.8ms)
Completed 200 OK in 24ms (Views: 20.9ms | ActiveRecord: 0.2ms)


Started PATCH "/items/11" for 127.0.0.1 at 2018-01-05 12:38:47 +1100
  
AbstractController::ActionNotFound (The action 'update' could not be found for ItemsController):
  
actionpack (5.1.4) lib/abstract_controller/base.rb:119:in `process'
actionview (5.1.4) lib/action_view/rendering.rb:30:in `process'
actionpack (5.1.4) lib/action_controller/metal.rb:189:in `dispatch'
actionpack (5.1.4) lib/action_controller/metal.rb:253:in `dispatch'
actionpack (5.1.4) lib/action_dispatch/routing/route_set.rb:49:in `dispatch'
actionpack (5.1.4) lib/action_dispatch/routing/route_set.rb:31:in `serve'
actionpack (5.1.4) lib/action_dispatch/journey/router.rb:50:in `block in serve'
actionpack (5.1.4) lib/action_dispatch/journey/router.rb:33:in `each'
actionpack (5.1.4) lib/action_dispatch/journey/router.rb:33:in `serve'
actionpack (5.1.4) lib/action_dispatch/routing/route_set.rb:834:in `call'
rack (2.0.3) lib/rack/etag.rb:25:in `call'
rack (2.0.3) lib/rack/conditional_get.rb:38:in `call'
rack (2.0.3) lib/rack/head.rb:12:in `call'
rack (2.0.3) lib/rack/session/abstract/id.rb:232:in `context'
rack (2.0.3) lib/rack/session/abstract/id.rb:226:in `call'
actionpack (5.1.4) lib/action_dispatch/middleware/cookies.rb:613:in `call'
activerecord (5.1.4) lib/active_record/migration.rb:556:in `call'
actionpack (5.1.4) lib/action_dispatch/middleware/callbacks.rb:26:in `block in call'
activesupport (5.1.4) lib/active_support/callbacks.rb:97:in `run_callbacks'
actionpack (5.1.4) lib/action_dispatch/middleware/callbacks.rb:24:in `call'
actionpack (5.1.4) lib/action_dispatch/middleware/executor.rb:12:in `call'
actionpack (5.1.4) lib/action_dispatch/middleware/debug_exceptions.rb:59:in `call'
web-console (3.5.1) lib/web_console/middleware.rb:135:in `call_app'
web-console (3.5.1) lib/web_console/middleware.rb:28:in `block in call'
web-console (3.5.1) lib/web_console/middleware.rb:18:in `catch'
web-console (3.5.1) lib/web_console/middleware.rb:18:in `call'
actionpack (5.1.4) lib/action_dispatch/middleware/show_exceptions.rb:31:in `call'
railties (5.1.4) lib/rails/rack/logger.rb:36:in `call_app'
railties (5.1.4) lib/rails/rack/logger.rb:24:in `block in call'
activesupport (5.1.4) lib/active_support/tagged_logging.rb:69:in `block in tagged'
activesupport (5.1.4) lib/active_support/tagged_logging.rb:26:in `tagged'
activesupport (5.1.4) lib/active_support/tagged_logging.rb:69:in `tagged'
railties (5.1.4) lib/rails/rack/logger.rb:24:in `call'
sprockets-rails (3.2.1) lib/sprockets/rails/quiet_assets.rb:13:in `call'
actionpack (5.1.4) lib/action_dispatch/middleware/remote_ip.rb:79:in `call'
actionpack (5.1.4) lib/action_dispatch/middleware/request_id.rb:25:in `call'
rack (2.0.3) lib/rack/method_override.rb:22:in `call'
rack (2.0.3) lib/rack/runtime.rb:22:in `call'
activesupport (5.1.4) lib/active_support/cache/strategy/local_cache_middleware.rb:27:in `call'
actionpack (5.1.4) lib/action_dispatch/middleware/executor.rb:12:in `call'
actionpack (5.1.4) lib/action_dispatch/middleware/static.rb:125:in `call'
rack (2.0.3) lib/rack/sendfile.rb:111:in `call'
railties (5.1.4) lib/rails/engine.rb:522:in `call'
puma (3.11.0) lib/puma/configuration.rb:225:in `call'
puma (3.11.0) lib/puma/server.rb:624:in `handle_request'
puma (3.11.0) lib/puma/server.rb:438:in `process_client'
puma (3.11.0) lib/puma/server.rb:302:in `block in run'
puma (3.11.0) lib/puma/thread_pool.rb:120:in `block in spawn_thread'
Started GET "/items/11/edit" for 127.0.0.1 at 2018-01-05 12:42:50 +1100
Processing by ItemsController#edit as HTML
  Parameters: {"id"=>"11"}
  [1m[36mItem Load (0.3ms)[0m  [1m[34mSELECT  "items".* FROM "items" WHERE "items"."id" = $1 LIMIT $2[0m  [["id", 11], ["LIMIT", 1]]
  Rendering items/edit.html.erb within layouts/application
  Rendered items/_form.html.erb (2.3ms)
  Rendered items/edit.html.erb within layouts/application (5.3ms)
Completed 200 OK in 32ms (Views: 27.5ms | ActiveRecord: 0.3ms)


Started GET "/items/11/edit" for 127.0.0.1 at 2018-01-05 12:49:16 +1100
Processing by ItemsController#edit as HTML
  Parameters: {"id"=>"11"}
  [1m[36mItem Load (0.3ms)[0m  [1m[34mSELECT  "items".* FROM "items" WHERE "items"."id" = $1 LIMIT $2[0m  [["id", 11], ["LIMIT", 1]]
  Rendering items/edit.html.erb within layouts/application
  Rendered items/_form.html.erb (2.3ms)
  Rendered items/edit.html.erb within layouts/application (4.8ms)
Completed 200 OK in 46ms (Views: 26.2ms | ActiveRecord: 7.3ms)


Started PATCH "/items/11" for 127.0.0.1 at 2018-01-05 12:49:20 +1100
Processing by ItemsController#update as HTML
  Parameters: {"utf8"=>"✓", "authenticity_token"=>"balddHKog0tQOx6cs5x4SIH7e3aoiHQfl6F3RXoMGhfLBRfmdIBGF/g/fdjTiikrSbMO4usqfxp2QqeBSHbcbw==", "item"=>{"part_number"=>"AM2852", "list_price"=>"10.25"}, "commit"=>"Update Item", "id"=>"11"}
  [1m[36mItem Load (0.4ms)[0m  [1m[34mSELECT  "items".* FROM "items" WHERE "items"."id" = $1 LIMIT $2[0m  [["id", 11], ["LIMIT", 1]]
Completed 500 Internal Server Error in 141ms (ActiveRecord: 0.4ms)


  
NameError (undefined local variable or method `item_params' for #<ItemsController:0x00007f89c0080538>
Did you mean?  item_path):
  
app/controllers/items_controller.rb:27:in `update'
Started PUT "/__web_console/repl_sessions/e4e2654ae22f6e8e07e944c058e5c437" for 127.0.0.1 at 2018-01-05 12:49:39 +1100
Started PUT "/__web_console/repl_sessions/e4e2654ae22f6e8e07e944c058e5c437" for 127.0.0.1 at 2018-01-05 12:49:40 +1100
Started PUT "/__web_console/repl_sessions/e4e2654ae22f6e8e07e944c058e5c437" for 127.0.0.1 at 2018-01-05 12:50:11 +1100
Started PATCH "/items/11" for 127.0.0.1 at 2018-01-05 12:52:20 +1100
Processing by ItemsController#update as HTML
  Parameters: {"utf8"=>"✓", "authenticity_token"=>"balddHKog0tQOx6cs5x4SIH7e3aoiHQfl6F3RXoMGhfLBRfmdIBGF/g/fdjTiikrSbMO4usqfxp2QqeBSHbcbw==", "item"=>{"part_number"=>"AM2852", "list_price"=>"10.25"}, "commit"=>"Update Item", "id"=>"11"}
  [1m[36mItem Load (0.2ms)[0m  [1m[34mSELECT  "items".* FROM "items" WHERE "items"."id" = $1 LIMIT $2[0m  [["id", 11], ["LIMIT", 1]]
  [1m[35m (0.2ms)[0m  [1m[35mBEGIN[0m
  [1m[35mSQL (0.6ms)[0m  [1m[33mUPDATE "items" SET "part_number" = $1, "updated_at" = $2 WHERE "items"."id" = $3[0m  [["part_number", "AM2852"], ["updated_at", "2018-01-05 01:52:20.667101"], ["id", 11]]
  [1m[35m (6.4ms)[0m  [1m[35mCOMMIT[0m
Redirected to http://localhost:3000/items/11
Completed 302 Found in 27ms (ActiveRecord: 13.2ms)


Started GET "/items/11" for 127.0.0.1 at 2018-01-05 12:52:20 +1100
Processing by ItemsController#show as HTML
  Parameters: {"id"=>"11"}
  [1m[36mItem Load (0.2ms)[0m  [1m[34mSELECT  "items".* FROM "items" WHERE "items"."id" = $1 LIMIT $2[0m  [["id", 11], ["LIMIT", 1]]
  Rendering items/show.html.erb within layouts/application
  Rendered items/show.html.erb within layouts/application (0.4ms)
Completed 200 OK in 26ms (Views: 21.7ms | ActiveRecord: 0.2ms)


Started GET "/items/11/edit" for 127.0.0.1 at 2018-01-05 12:52:25 +1100
Processing by ItemsController#edit as HTML
  Parameters: {"id"=>"11"}
  [1m[36mItem Load (0.2ms)[0m  [1m[34mSELECT  "items".* FROM "items" WHERE "items"."id" = $1 LIMIT $2[0m  [["id", 11], ["LIMIT", 1]]
  Rendering items/edit.html.erb within layouts/application
  Rendered items/_form.html.erb (2.3ms)
  Rendered items/edit.html.erb within layouts/application (5.3ms)
Completed 200 OK in 37ms (Views: 33.0ms | ActiveRecord: 0.2ms)


Started PATCH "/items/11" for 127.0.0.1 at 2018-01-05 12:52:32 +1100
Processing by ItemsController#update as HTML
  Parameters: {"utf8"=>"✓", "authenticity_token"=>"bHBbigcSSi11SCRZd2mHQBweZDrjJ3RqS0IYXk7XbLHK3BEYATqPcd1MRx0Xf9Yj1FYRrqCFf2+qociafK2qyQ==", "item"=>{"part_number"=>"AM2852123", "list_price"=>"10.25"}, "commit"=>"Update Item", "id"=>"11"}
  [1m[36mItem Load (0.2ms)[0m  [1m[34mSELECT  "items".* FROM "items" WHERE "items"."id" = $1 LIMIT $2[0m  [["id", 11], ["LIMIT", 1]]
  [1m[35m (0.2ms)[0m  [1m[35mBEGIN[0m
  [1m[35mSQL (0.7ms)[0m  [1m[33mUPDATE "items" SET "part_number" = $1, "updated_at" = $2 WHERE "items"."id" = $3[0m  [["part_number", "AM2852123"], ["updated_at", "2018-01-05 01:52:32.379602"], ["id", 11]]
  [1m[35m (6.5ms)[0m  [1m[35mCOMMIT[0m
Redirected to http://localhost:3000/items/11
Completed 302 Found in 13ms (ActiveRecord: 7.6ms)


Started GET "/items/11" for 127.0.0.1 at 2018-01-05 12:52:32 +1100
Processing by ItemsController#show as HTML
  Parameters: {"id"=>"11"}
  [1m[36mItem Load (0.2ms)[0m  [1m[34mSELECT  "items".* FROM "items" WHERE "items"."id" = $1 LIMIT $2[0m  [["id", 11], ["LIMIT", 1]]
  Rendering items/show.html.erb within layouts/application
  Rendered items/show.html.erb within layouts/application (0.9ms)
Completed 200 OK in 38ms (Views: 34.3ms | ActiveRecord: 0.2ms)


Started GET "/items/11" for 127.0.0.1 at 2018-01-05 13:27:29 +1100
Processing by ItemsController#show as HTML
  Parameters: {"id"=>"11"}
  [1m[36mItem Load (0.2ms)[0m  [1m[34mSELECT  "items".* FROM "items" WHERE "items"."id" = $1 LIMIT $2[0m  [["id", 11], ["LIMIT", 1]]
  Rendering items/show.html.erb within layouts/application
  Rendered items/show.html.erb within layouts/application (1.3ms)
Completed 200 OK in 55ms (Views: 35.2ms | ActiveRecord: 6.3ms)


Started GET "/items/" for 127.0.0.1 at 2018-01-05 13:27:36 +1100
Processing by ItemsController#index as HTML
  Rendering items/index.html.erb within layouts/application
  [1m[36mItem Load (0.4ms)[0m  [1m[34mSELECT "items".* FROM "items"[0m
  Rendered items/index.html.erb within layouts/application (3.3ms)
Completed 200 OK in 35ms (Views: 31.4ms | ActiveRecord: 0.4ms)


Started GET "/items/new" for 127.0.0.1 at 2018-01-05 13:27:38 +1100
Processing by ItemsController#new as HTML
  Rendering items/new.html.erb within layouts/application
  Rendered items/_form.html.erb (2.5ms)
  Rendered items/new.html.erb within layouts/application (5.9ms)
Completed 200 OK in 42ms (Views: 31.9ms | ActiveRecord: 0.0ms)


Started POST "/items" for 127.0.0.1 at 2018-01-05 13:27:46 +1100
Processing by ItemsController#create as HTML
  Parameters: {"utf8"=>"✓", "authenticity_token"=>"Klc1zDKLb6lckcjujBD+UxAqHgl5HlleaWnXjpSM5gbFAzuYcEbnkBuiX4kHnYG8KsbYmXQo4mPaAVLObDFMeg==", "item"=>{"part_number"=>"bob", "list_price"=>"123"}, "commit"=>"Create Item"}
  [1m[35m (0.2ms)[0m  [1m[35mBEGIN[0m
  [1m[35mSQL (0.7ms)[0m  [1m[32mINSERT INTO "items" ("part_number", "list_price", "created_at", "updated_at") VALUES ($1, $2, $3, $4) RETURNING "id"[0m  [["part_number", "bob"], ["list_price", "123.0"], ["created_at", "2018-01-05 02:27:46.315422"], ["updated_at", "2018-01-05 02:27:46.315422"]]
  [1m[35m (6.4ms)[0m  [1m[35mCOMMIT[0m
  [1m[35m (0.2ms)[0m  [1m[35mBEGIN[0m
  [1m[35m (0.1ms)[0m  [1m[35mCOMMIT[0m
Redirected to http://localhost:3000/items/14
Completed 302 Found in 12ms (ActiveRecord: 7.6ms)


Started GET "/items/14" for 127.0.0.1 at 2018-01-05 13:27:46 +1100
Processing by ItemsController#show as HTML
  Parameters: {"id"=>"14"}
  [1m[36mItem Load (0.4ms)[0m  [1m[34mSELECT  "items".* FROM "items" WHERE "items"."id" = $1 LIMIT $2[0m  [["id", 14], ["LIMIT", 1]]
  Rendering items/show.html.erb within layouts/application
  Rendered items/show.html.erb within layouts/application (0.8ms)
Completed 200 OK in 28ms (Views: 23.6ms | ActiveRecord: 0.4ms)


Started GET "/items/" for 127.0.0.1 at 2018-01-05 13:27:55 +1100
Processing by ItemsController#index as HTML
  Rendering items/index.html.erb within layouts/application
  [1m[36mItem Load (0.3ms)[0m  [1m[34mSELECT "items".* FROM "items"[0m
  Rendered items/index.html.erb within layouts/application (2.3ms)
Completed 200 OK in 27ms (Views: 23.6ms | ActiveRecord: 0.3ms)


Started GET "/items/14" for 127.0.0.1 at 2018-01-05 13:27:57 +1100
Processing by ItemsController#show as HTML
  Parameters: {"id"=>"14"}
  [1m[36mItem Load (0.4ms)[0m  [1m[34mSELECT  "items".* FROM "items" WHERE "items"."id" = $1 LIMIT $2[0m  [["id", 14], ["LIMIT", 1]]
  Rendering items/show.html.erb within layouts/application
  Rendered items/show.html.erb within layouts/application (1.4ms)
Completed 200 OK in 32ms (Views: 27.9ms | ActiveRecord: 0.4ms)


Started DELETE "/items/14" for 127.0.0.1 at 2018-01-05 13:28:19 +1100
  
ActionController::RoutingError (No route matches [DELETE] "/items/14"):
  
actionpack (5.1.4) lib/action_dispatch/middleware/debug_exceptions.rb:63:in `call'
web-console (3.5.1) lib/web_console/middleware.rb:135:in `call_app'
web-console (3.5.1) lib/web_console/middleware.rb:28:in `block in call'
web-console (3.5.1) lib/web_console/middleware.rb:18:in `catch'
web-console (3.5.1) lib/web_console/middleware.rb:18:in `call'
actionpack (5.1.4) lib/action_dispatch/middleware/show_exceptions.rb:31:in `call'
railties (5.1.4) lib/rails/rack/logger.rb:36:in `call_app'
railties (5.1.4) lib/rails/rack/logger.rb:24:in `block in call'
activesupport (5.1.4) lib/active_support/tagged_logging.rb:69:in `block in tagged'
activesupport (5.1.4) lib/active_support/tagged_logging.rb:26:in `tagged'
activesupport (5.1.4) lib/active_support/tagged_logging.rb:69:in `tagged'
railties (5.1.4) lib/rails/rack/logger.rb:24:in `call'
sprockets-rails (3.2.1) lib/sprockets/rails/quiet_assets.rb:13:in `call'
actionpack (5.1.4) lib/action_dispatch/middleware/remote_ip.rb:79:in `call'
actionpack (5.1.4) lib/action_dispatch/middleware/request_id.rb:25:in `call'
rack (2.0.3) lib/rack/method_override.rb:22:in `call'
rack (2.0.3) lib/rack/runtime.rb:22:in `call'
activesupport (5.1.4) lib/active_support/cache/strategy/local_cache_middleware.rb:27:in `call'
actionpack (5.1.4) lib/action_dispatch/middleware/executor.rb:12:in `call'
actionpack (5.1.4) lib/action_dispatch/middleware/static.rb:125:in `call'
rack (2.0.3) lib/rack/sendfile.rb:111:in `call'
railties (5.1.4) lib/rails/engine.rb:522:in `call'
puma (3.11.0) lib/puma/configuration.rb:225:in `call'
puma (3.11.0) lib/puma/server.rb:624:in `handle_request'
puma (3.11.0) lib/puma/server.rb:438:in `process_client'
puma (3.11.0) lib/puma/server.rb:302:in `block in run'
puma (3.11.0) lib/puma/thread_pool.rb:120:in `block in spawn_thread'
Started GET "/items/14" for 127.0.0.1 at 2018-01-05 13:34:16 +1100
Processing by ItemsController#show as HTML
  Parameters: {"id"=>"14"}
  [1m[36mItem Load (0.2ms)[0m  [1m[34mSELECT  "items".* FROM "items" WHERE "items"."id" = $1 LIMIT $2[0m  [["id", 14], ["LIMIT", 1]]
  Rendering items/show.html.erb within layouts/application
  Rendered items/show.html.erb within layouts/application (1.2ms)
Completed 200 OK in 48ms (Views: 28.6ms | ActiveRecord: 6.0ms)


Started DELETE "/items/14" for 127.0.0.1 at 2018-01-05 13:34:20 +1100
  
ActionController::RoutingError (No route matches [DELETE] "/items/14"):
  
actionpack (5.1.4) lib/action_dispatch/middleware/debug_exceptions.rb:63:in `call'
web-console (3.5.1) lib/web_console/middleware.rb:135:in `call_app'
web-console (3.5.1) lib/web_console/middleware.rb:28:in `block in call'
web-console (3.5.1) lib/web_console/middleware.rb:18:in `catch'
web-console (3.5.1) lib/web_console/middleware.rb:18:in `call'
actionpack (5.1.4) lib/action_dispatch/middleware/show_exceptions.rb:31:in `call'
railties (5.1.4) lib/rails/rack/logger.rb:36:in `call_app'
railties (5.1.4) lib/rails/rack/logger.rb:24:in `block in call'
activesupport (5.1.4) lib/active_support/tagged_logging.rb:69:in `block in tagged'
activesupport (5.1.4) lib/active_support/tagged_logging.rb:26:in `tagged'
activesupport (5.1.4) lib/active_support/tagged_logging.rb:69:in `tagged'
railties (5.1.4) lib/rails/rack/logger.rb:24:in `call'
sprockets-rails (3.2.1) lib/sprockets/rails/quiet_assets.rb:13:in `call'
actionpack (5.1.4) lib/action_dispatch/middleware/remote_ip.rb:79:in `call'
actionpack (5.1.4) lib/action_dispatch/middleware/request_id.rb:25:in `call'
rack (2.0.3) lib/rack/method_override.rb:22:in `call'
rack (2.0.3) lib/rack/runtime.rb:22:in `call'
activesupport (5.1.4) lib/active_support/cache/strategy/local_cache_middleware.rb:27:in `call'
actionpack (5.1.4) lib/action_dispatch/middleware/executor.rb:12:in `call'
actionpack (5.1.4) lib/action_dispatch/middleware/static.rb:125:in `call'
rack (2.0.3) lib/rack/sendfile.rb:111:in `call'
railties (5.1.4) lib/rails/engine.rb:522:in `call'
puma (3.11.0) lib/puma/configuration.rb:225:in `call'
puma (3.11.0) lib/puma/server.rb:624:in `handle_request'
puma (3.11.0) lib/puma/server.rb:438:in `process_client'
puma (3.11.0) lib/puma/server.rb:302:in `block in run'
puma (3.11.0) lib/puma/thread_pool.rb:120:in `block in spawn_thread'
Started GET "/items/14" for 127.0.0.1 at 2018-01-05 13:39:52 +1100
Processing by ItemsController#show as HTML
  Parameters: {"id"=>"14"}
  [1m[36mItem Load (0.3ms)[0m  [1m[34mSELECT  "items".* FROM "items" WHERE "items"."id" = $1 LIMIT $2[0m  [["id", 14], ["LIMIT", 1]]
  Rendering items/show.html.erb within layouts/application
  Rendered items/show.html.erb within layouts/application (1.0ms)
Completed 200 OK in 35ms (Views: 18.9ms | ActiveRecord: 4.8ms)


Started DELETE "/items/14" for 127.0.0.1 at 2018-01-05 13:39:55 +1100
Processing by ItemsController#destroy as HTML
  Parameters: {"authenticity_token"=>"y0X5RKB8ihDMtaUay4G6zGvjRynyI/hblP3P4H+wKd9t6bPWplRPTGSxxl6rl+uvo6syvbGB8151Hh8kTcrvpw==", "id"=>"14"}
  [1m[36mItem Load (0.3ms)[0m  [1m[34mSELECT  "items".* FROM "items" WHERE "items"."id" = $1 LIMIT $2[0m  [["id", 14], ["LIMIT", 1]]
  [1m[35m (0.2ms)[0m  [1m[35mBEGIN[0m
  [1m[35mSQL (0.6ms)[0m  [1m[31mDELETE FROM "items" WHERE "items"."id" = $1[0m  [["id", 14]]
  [1m[35m (5.7ms)[0m  [1m[35mCOMMIT[0m
Redirected to http://localhost:3000/items
Completed 302 Found in 11ms (ActiveRecord: 6.8ms)


Started GET "/items" for 127.0.0.1 at 2018-01-05 13:39:55 +1100
Processing by ItemsController#index as HTML
  Rendering items/index.html.erb within layouts/application
  [1m[36mItem Load (0.3ms)[0m  [1m[34mSELECT "items".* FROM "items"[0m
  Rendered items/index.html.erb within layouts/application (2.1ms)
Completed 200 OK in 27ms (Views: 24.1ms | ActiveRecord: 0.3ms)


  [1m[35m (7.2ms)[0m  [1m[34mSELECT "schema_migrations"."version" FROM "schema_migrations" ORDER BY "schema_migrations"."version" ASC[0m
Started GET "/items/new" for 127.0.0.1 at 2018-01-05 13:42:03 +1100
Processing by ItemsController#new as HTML
  Rendering items/new.html.erb within layouts/application
  Rendered items/_form.html.erb (2.1ms)
  Rendered items/new.html.erb within layouts/application (4.6ms)
Completed 200 OK in 46ms (Views: 26.1ms | ActiveRecord: 6.1ms)


Started POST "/items" for 127.0.0.1 at 2018-01-05 13:42:08 +1100
Processing by ItemsController#create as HTML
  Parameters: {"utf8"=>"✓", "authenticity_token"=>"NkSY6oP8UKKQfyc7kc9nhEu1T8J57SUsrQ7gwL7Vt27ZEJa+wTHYm9dMsFwaQhhrcVmJUnTbnhEeZmWARmgdEg==", "item"=>{"part_number"=>"bob", "list_price"=>"123"}, "commit"=>"Create Item"}
  [1m[35m (0.2ms)[0m  [1m[35mBEGIN[0m
  [1m[35mSQL (0.5ms)[0m  [1m[32mINSERT INTO "items" ("part_number", "list_price", "created_at", "updated_at") VALUES ($1, $2, $3, $4) RETURNING "id"[0m  [["part_number", "bob"], ["list_price", "123.0"], ["created_at", "2018-01-05 02:42:08.526046"], ["updated_at", "2018-01-05 02:42:08.526046"]]
  [1m[35m (6.3ms)[0m  [1m[35mCOMMIT[0m
  [1m[35m (0.2ms)[0m  [1m[35mBEGIN[0m
  [1m[35m (0.2ms)[0m  [1m[35mCOMMIT[0m
Redirected to http://localhost:3000/items/15
Completed 302 Found in 12ms (ActiveRecord: 7.2ms)


Started GET "/items/15" for 127.0.0.1 at 2018-01-05 13:42:08 +1100
Processing by ItemsController#show as HTML
  Parameters: {"id"=>"15"}
  [1m[36mItem Load (0.2ms)[0m  [1m[34mSELECT  "items".* FROM "items" WHERE "items"."id" = $1 LIMIT $2[0m  [["id", 15], ["LIMIT", 1]]
  Rendering items/show.html.erb within layouts/application
  Rendered items/show.html.erb within layouts/application (0.9ms)
Completed 200 OK in 27ms (Views: 23.0ms | ActiveRecord: 0.2ms)


Started DELETE "/items/15" for 127.0.0.1 at 2018-01-05 13:42:15 +1100
Processing by ItemsController#destroy as HTML
  Parameters: {"authenticity_token"=>"Sq/2+1udSxelPwj1RTNo/wqBWu/W+3O0dAoiKHHn2tPsA7xpXbWOSw07a7ElJTmcwskve5VZeLGV6fLsQ50cqw==", "id"=>"15"}
  [1m[36mItem Load (0.2ms)[0m  [1m[34mSELECT  "items".* FROM "items" WHERE "items"."id" = $1 LIMIT $2[0m  [["id", 15], ["LIMIT", 1]]
  [1m[35m (0.2ms)[0m  [1m[35mBEGIN[0m
  [1m[35mSQL (0.4ms)[0m  [1m[31mDELETE FROM "items" WHERE "items"."id" = $1[0m  [["id", 15]]
  [1m[35m (5.7ms)[0m  [1m[35mCOMMIT[0m
Redirected to http://localhost:3000/items
Completed 302 Found in 10ms (ActiveRecord: 6.5ms)


Started GET "/items" for 127.0.0.1 at 2018-01-05 13:42:15 +1100
Processing by ItemsController#index as HTML
  Rendering items/index.html.erb within layouts/application
  [1m[36mItem Load (0.3ms)[0m  [1m[34mSELECT "items".* FROM "items"[0m
  Rendered items/index.html.erb within layouts/application (2.0ms)
Completed 200 OK in 27ms (Views: 23.5ms | ActiveRecord: 0.3ms)


Started GET "/sales_orders" for 127.0.0.1 at 2018-01-05 13:52:31 +1100
Processing by SalesOrdersController#index as HTML
  Rendering sales_orders/index.html.erb within layouts/application
  Rendered sales_orders/index.html.erb within layouts/application (0.4ms)
Completed 200 OK in 28ms (Views: 24.3ms | ActiveRecord: 0.0ms)


  [1m[36mSalesOrder Load (0.9ms)[0m  [1m[34mSELECT "sales_orders".* FROM "sales_orders"[0m
Started GET "/sales_orders" for 127.0.0.1 at 2018-01-05 14:21:02 +1100
  
SyntaxError (/Users/john/Projects/DataHouseSoftware/Inventory_Manager/app/controllers/sales_orders_controller.rb:59: syntax error, unexpected keyword_end):
  
app/controllers/sales_orders_controller.rb:59: syntax error, unexpected keyword_end
Started GET "/sales_orders" for 127.0.0.1 at 2018-01-05 14:21:21 +1100
  
SyntaxError (/Users/john/Projects/DataHouseSoftware/Inventory_Manager/app/controllers/sales_orders_controller.rb:59: syntax error, unexpected keyword_end, expecting end-of-input):
  
app/controllers/sales_orders_controller.rb:59: syntax error, unexpected keyword_end, expecting end-of-input
Started GET "/sales_orders" for 127.0.0.1 at 2018-01-05 14:23:43 +1100
Processing by SalesOrdersController#index as HTML
  Rendering sales_orders/index.html.erb within layouts/application
  [1m[36mSalesOrder Load (0.6ms)[0m  [1m[34mSELECT "sales_orders".* FROM "sales_orders"[0m
  Rendered sales_orders/index.html.erb within layouts/application (13.1ms)
Completed 200 OK in 45ms (Views: 32.8ms | ActiveRecord: 5.8ms)


Started GET "/sales_orders/10" for 127.0.0.1 at 2018-01-05 14:23:46 +1100
Processing by SalesOrdersController#show as HTML
  Parameters: {"id"=>"10"}
  [1m[36mSalesOrder Load (0.3ms)[0m  [1m[34mSELECT  "sales_orders".* FROM "sales_orders" WHERE "sales_orders"."id" = $1 LIMIT $2[0m  [["id", 10], ["LIMIT", 1]]
  Rendering sales_orders/show.html.erb within layouts/application
  Rendered sales_orders/show.html.erb within layouts/application (1.0ms)
Completed 200 OK in 33ms (Views: 27.6ms | ActiveRecord: 0.3ms)


Started GET "/sales_orders/10/edit" for 127.0.0.1 at 2018-01-05 14:23:49 +1100
Processing by SalesOrdersController#edit as HTML
  Parameters: {"id"=>"10"}
  [1m[36mSalesOrder Load (0.4ms)[0m  [1m[34mSELECT  "sales_orders".* FROM "sales_orders" WHERE "sales_orders"."id" = $1 LIMIT $2[0m  [["id", 10], ["LIMIT", 1]]
  Rendering sales_orders/edit.html.erb within layouts/application
  Rendered sales_orders/_form.html.erb (3.0ms)
  Rendered sales_orders/edit.html.erb within layouts/application (6.5ms)
Completed 200 OK in 38ms (Views: 32.9ms | ActiveRecord: 0.4ms)


Started PATCH "/sales_orders/10" for 127.0.0.1 at 2018-01-05 14:23:52 +1100
Processing by SalesOrdersController#update as HTML
  Parameters: {"utf8"=>"✓", "authenticity_token"=>"5MjUJ42yyK1eMn6TUX03KX7lIqMAnN8BG39Bslj+Vm+F/Nr8o1LTfPAyoisF4RxjYicC3gGiO3V5YJOaSgMHwA==", "sales_order"=>{"id"=>"10", "customer_PO_number"=>"ABC123s"}, "commit"=>"Update Sales order", "id"=>"10"}
  [1m[36mSalesOrder Load (0.3ms)[0m  [1m[34mSELECT  "sales_orders".* FROM "sales_orders" WHERE "sales_orders"."id" = $1 LIMIT $2[0m  [["id", 10], ["LIMIT", 1]]
Unpermitted parameter: :id
  [1m[35m (0.1ms)[0m  [1m[35mBEGIN[0m
  [1m[35mSQL (0.5ms)[0m  [1m[33mUPDATE "sales_orders" SET "customer_PO_number" = $1, "updated_at" = $2 WHERE "sales_orders"."id" = $3[0m  [["customer_PO_number", "ABC123s"], ["updated_at", "2018-01-05 03:23:52.867741"], ["id", 10]]
  [1m[35m (6.3ms)[0m  [1m[35mCOMMIT[0m
Redirected to http://localhost:3000/sales_orders/10
Completed 302 Found in 12ms (ActiveRecord: 7.3ms)


Started GET "/sales_orders/10" for 127.0.0.1 at 2018-01-05 14:23:52 +1100
Processing by SalesOrdersController#show as HTML
  Parameters: {"id"=>"10"}
  [1m[36mSalesOrder Load (0.3ms)[0m  [1m[34mSELECT  "sales_orders".* FROM "sales_orders" WHERE "sales_orders"."id" = $1 LIMIT $2[0m  [["id", 10], ["LIMIT", 1]]
  Rendering sales_orders/show.html.erb within layouts/application
  Rendered sales_orders/show.html.erb within layouts/application (0.9ms)
Completed 200 OK in 28ms (Views: 24.2ms | ActiveRecord: 0.3ms)


Started GET "/sales_orders/" for 127.0.0.1 at 2018-01-05 14:24:01 +1100
Processing by SalesOrdersController#index as HTML
  Rendering sales_orders/index.html.erb within layouts/application
  [1m[36mSalesOrder Load (0.4ms)[0m  [1m[34mSELECT "sales_orders".* FROM "sales_orders"[0m
  Rendered sales_orders/index.html.erb within layouts/application (2.7ms)
Completed 200 OK in 30ms (Views: 26.6ms | ActiveRecord: 0.4ms)


Started GET "/sales_orders/new" for 127.0.0.1 at 2018-01-05 14:24:03 +1100
Processing by SalesOrdersController#new as HTML
  Rendering sales_orders/new.html.erb within layouts/application
  Rendered sales_orders/_form.html.erb (2.3ms)
  Rendered sales_orders/new.html.erb within layouts/application (5.2ms)
Completed 200 OK in 34ms (Views: 31.1ms | ActiveRecord: 0.0ms)


Started GET "/sales_orders/new" for 127.0.0.1 at 2018-01-05 14:24:58 +1100
Processing by SalesOrdersController#new as HTML
  Rendering sales_orders/new.html.erb within layouts/application
  Rendered sales_orders/_form.html.erb (1.9ms)
  Rendered sales_orders/new.html.erb within layouts/application (4.8ms)
Completed 200 OK in 30ms (Views: 27.3ms | ActiveRecord: 0.0ms)


Started POST "/sales_orders" for 127.0.0.1 at 2018-01-05 14:25:02 +1100
Processing by SalesOrdersController#create as HTML
  Parameters: {"utf8"=>"✓", "authenticity_token"=>"c9X/AlP+CRJBvbqyGGAItbIdehT3f+KtMOuVOKfhiIPVebWQVdbMTum52fZ4dlnWelUPgLTd6ajRCEX8lZtO+w==", "sales_order"=>{"id"=>"", "customer_PO_number"=>"sss"}, "commit"=>"Create Sales order"}
Unpermitted parameter: :id
  [1m[35m (0.2ms)[0m  [1m[35mBEGIN[0m
  [1m[35mSQL (0.6ms)[0m  [1m[32mINSERT INTO "sales_orders" ("customer_PO_number", "created_at", "updated_at") VALUES ($1, $2, $3) RETURNING "id"[0m  [["customer_PO_number", "sss"], ["created_at", "2018-01-05 03:25:02.530810"], ["updated_at", "2018-01-05 03:25:02.530810"]]
  [1m[35m (6.5ms)[0m  [1m[35mCOMMIT[0m
  [1m[35m (0.2ms)[0m  [1m[35mBEGIN[0m
  [1m[35m (0.2ms)[0m  [1m[35mCOMMIT[0m
Redirected to http://localhost:3000/sales_orders/13
Completed 302 Found in 12ms (ActiveRecord: 7.6ms)


Started GET "/sales_orders/13" for 127.0.0.1 at 2018-01-05 14:25:02 +1100
Processing by SalesOrdersController#show as HTML
  Parameters: {"id"=>"13"}
  [1m[36mSalesOrder Load (0.3ms)[0m  [1m[34mSELECT  "sales_orders".* FROM "sales_orders" WHERE "sales_orders"."id" = $1 LIMIT $2[0m  [["id", 13], ["LIMIT", 1]]
  Rendering sales_orders/show.html.erb within layouts/application
  Rendered sales_orders/show.html.erb within layouts/application (0.8ms)
Completed 200 OK in 28ms (Views: 23.2ms | ActiveRecord: 0.3ms)


